This is pdfTeX, Version 3.1415926-2.5-1.40.14 (TeX Live 2013) (format=pdflatex 2014.5.20)  15 MAY 2015 18:22
entering extended mode
 restricted \write18 enabled.
 %&-line parsing enabled.
**RadioAstronomy_Practicum2_VLADataAnalysisAndCalibration_TLRH_6126561_report.t
ex

(./RadioAstronomy_Practicum2_VLADataAnalysisAndCalibration_TLRH_6126561_report.
tex
LaTeX2e <2011/06/27>
Babel <3.9f> and hyphenation patterns for 78 languages loaded.
(/usr/local/texlive/2013/texmf-dist/tex/latex/base/article.cls
Document Class: article 2007/10/19 v1.4h Standard LaTeX document class
(/usr/local/texlive/2013/texmf-dist/tex/latex/base/size12.clo
File: size12.clo 2007/10/19 v1.4h Standard LaTeX file (size option)
)
\c@part=\count79
\c@section=\count80
\c@subsection=\count81
\c@subsubsection=\count82
\c@paragraph=\count83
\c@subparagraph=\count84
\c@figure=\count85
\c@table=\count86
\abovecaptionskip=\skip41
\belowcaptionskip=\skip42
\bibindent=\dimen102
)
(/usr/local/texlive/2013/texmf-dist/tex/generic/babel/babel.sty
Package: babel 2013/05/16 v3.9f The Babel package

(/usr/local/texlive/2013/texmf-dist/tex/generic/babel-english/english.ldf
Language: english 2012/08/20 v3.3p English support from the babel system

(/usr/local/texlive/2013/texmf-dist/tex/generic/babel/babel.def
File: babel.def 2013/05/16 v3.9f Babel common definitions
\babel@savecnt=\count87
\U@D=\dimen103
)
\l@canadian = a dialect from \language\l@american 
\l@australian = a dialect from \language\l@british 
\l@newzealand = a dialect from \language\l@british 
))
(/usr/local/texlive/2013/texmf-dist/tex/latex/a4wide/a4wide.sty
Package: a4wide 1994/08/30

(/usr/local/texlive/2013/texmf-dist/tex/latex/ntgclass/a4.sty
Package: a4 2004/04/15 v1.2g A4 based page layout
))
(/usr/local/texlive/2013/texmf-dist/tex/latex/amsfonts/amssymb.sty
Package: amssymb 2013/01/14 v3.01 AMS font symbols

(/usr/local/texlive/2013/texmf-dist/tex/latex/amsfonts/amsfonts.sty
Package: amsfonts 2013/01/14 v3.01 Basic AMSFonts support
\@emptytoks=\toks14
\symAMSa=\mathgroup4
\symAMSb=\mathgroup5
LaTeX Font Info:    Overwriting math alphabet `\mathfrak' in version `bold'
(Font)                  U/euf/m/n --> U/euf/b/n on input line 106.
))
(/usr/local/texlive/2013/texmf-dist/tex/latex/amsmath/amsmath.sty
Package: amsmath 2013/01/14 v2.14 AMS math features
\@mathmargin=\skip43

For additional information on amsmath, use the `?' option.
(/usr/local/texlive/2013/texmf-dist/tex/latex/amsmath/amstext.sty
Package: amstext 2000/06/29 v2.01

(/usr/local/texlive/2013/texmf-dist/tex/latex/amsmath/amsgen.sty
File: amsgen.sty 1999/11/30 v2.0
\@emptytoks=\toks15
\ex@=\dimen104
))
(/usr/local/texlive/2013/texmf-dist/tex/latex/amsmath/amsbsy.sty
Package: amsbsy 1999/11/29 v1.2d
\pmbraise@=\dimen105
)
(/usr/local/texlive/2013/texmf-dist/tex/latex/amsmath/amsopn.sty
Package: amsopn 1999/12/14 v2.01 operator names
)
\inf@bad=\count88
LaTeX Info: Redefining \frac on input line 210.
\uproot@=\count89
\leftroot@=\count90
LaTeX Info: Redefining \overline on input line 306.
\classnum@=\count91
\DOTSCASE@=\count92
LaTeX Info: Redefining \ldots on input line 378.
LaTeX Info: Redefining \dots on input line 381.
LaTeX Info: Redefining \cdots on input line 466.
\Mathstrutbox@=\box26
\strutbox@=\box27
\big@size=\dimen106
LaTeX Font Info:    Redeclaring font encoding OML on input line 566.
LaTeX Font Info:    Redeclaring font encoding OMS on input line 567.
\macc@depth=\count93
\c@MaxMatrixCols=\count94
\dotsspace@=\muskip10
\c@parentequation=\count95
\dspbrk@lvl=\count96
\tag@help=\toks16
\row@=\count97
\column@=\count98
\maxfields@=\count99
\andhelp@=\toks17
\eqnshift@=\dimen107
\alignsep@=\dimen108
\tagshift@=\dimen109
\tagwidth@=\dimen110
\totwidth@=\dimen111
\lineht@=\dimen112
\@envbody=\toks18
\multlinegap=\skip44
\multlinetaggap=\skip45
\mathdisplay@stack=\toks19
LaTeX Info: Redefining \[ on input line 2665.
LaTeX Info: Redefining \] on input line 2666.
)
(/usr/local/texlive/2013/texmf-dist/tex/latex/graphics/graphicx.sty
Package: graphicx 1999/02/16 v1.0f Enhanced LaTeX Graphics (DPC,SPQR)

(/usr/local/texlive/2013/texmf-dist/tex/latex/graphics/keyval.sty
Package: keyval 1999/03/16 v1.13 key=value parser (DPC)
\KV@toks@=\toks20
)
(/usr/local/texlive/2013/texmf-dist/tex/latex/graphics/graphics.sty
Package: graphics 2009/02/05 v1.0o Standard LaTeX Graphics (DPC,SPQR)

(/usr/local/texlive/2013/texmf-dist/tex/latex/graphics/trig.sty
Package: trig 1999/03/16 v1.09 sin cos tan (DPC)
)
(/usr/local/texlive/2013/texmf-dist/tex/latex/latexconfig/graphics.cfg
File: graphics.cfg 2010/04/23 v1.9 graphics configuration of TeX Live
)
Package graphics Info: Driver file: pdftex.def on input line 91.

(/usr/local/texlive/2013/texmf-dist/tex/latex/pdftex-def/pdftex.def
File: pdftex.def 2011/05/27 v0.06d Graphics/color for pdfTeX

(/usr/local/texlive/2013/texmf-dist/tex/generic/oberdiek/infwarerr.sty
Package: infwarerr 2010/04/08 v1.3 Providing info/warning/error messages (HO)
)
(/usr/local/texlive/2013/texmf-dist/tex/generic/oberdiek/ltxcmds.sty
Package: ltxcmds 2011/11/09 v1.22 LaTeX kernel commands for general use (HO)
)
\Gread@gobject=\count100
))
\Gin@req@height=\dimen113
\Gin@req@width=\dimen114
)
(/usr/local/texlive/2013/texmf-dist/tex/latex/oberdiek/grffile.sty
Package: grffile 2012/04/05 v1.16 Extended file name support for graphics (HO)

(/usr/local/texlive/2013/texmf-dist/tex/generic/oberdiek/ifpdf.sty
Package: ifpdf 2011/01/30 v2.3 Provides the ifpdf switch (HO)
Package ifpdf Info: pdfTeX in PDF mode is detected.
)
(/usr/local/texlive/2013/texmf-dist/tex/generic/ifxetex/ifxetex.sty
Package: ifxetex 2010/09/12 v0.6 Provides ifxetex conditional
)
(/usr/local/texlive/2013/texmf-dist/tex/latex/oberdiek/kvoptions.sty
Package: kvoptions 2011/06/30 v3.11 Key value format for package options (HO)

(/usr/local/texlive/2013/texmf-dist/tex/generic/oberdiek/kvsetkeys.sty
Package: kvsetkeys 2012/04/25 v1.16 Key value parser (HO)

(/usr/local/texlive/2013/texmf-dist/tex/generic/oberdiek/etexcmds.sty
Package: etexcmds 2011/02/16 v1.5 Avoid name clashes with e-TeX commands (HO)

(/usr/local/texlive/2013/texmf-dist/tex/generic/oberdiek/ifluatex.sty
Package: ifluatex 2010/03/01 v1.3 Provides the ifluatex switch (HO)
Package ifluatex Info: LuaTeX not detected.
)
Package etexcmds Info: Could not find \expanded.
(etexcmds)             That can mean that you are not using pdfTeX 1.50 or
(etexcmds)             that some package has redefined \expanded.
(etexcmds)             In the latter case, load this package earlier.
)))
(/usr/local/texlive/2013/texmf-dist/tex/generic/oberdiek/pdftexcmds.sty
Package: pdftexcmds 2011/11/29 v0.20 Utility functions of pdfTeX for LuaTeX (HO
)
Package pdftexcmds Info: LuaTeX not detected.
Package pdftexcmds Info: \pdf@primitive is available.
Package pdftexcmds Info: \pdf@ifprimitive is available.
Package pdftexcmds Info: \pdfdraftmode found.
)
Package grffile Info: Option `multidot' is set to `true'.
Package grffile Info: Option `extendedchars' is set to `false'.
Package grffile Info: Option `space' is set to `true'.
Package grffile Info: \Gin@ii of package `graphicx' fixed on input line 486.
)
(/usr/local/texlive/2013/texmf-dist/tex/latex/float/float.sty
Package: float 2001/11/08 v1.3d Float enhancements (AL)
\c@float@type=\count101
\float@exts=\toks21
\float@box=\box28
\@float@everytoks=\toks22
\@floatcapt=\box29
)
(/usr/local/texlive/2013/texmf-dist/tex/latex/hyperref/hyperref.sty
Package: hyperref 2012/11/06 v6.83m Hypertext links for LaTeX

(/usr/local/texlive/2013/texmf-dist/tex/generic/oberdiek/hobsub-hyperref.sty
Package: hobsub-hyperref 2012/05/28 v1.13 Bundle oberdiek, subset hyperref (HO)


(/usr/local/texlive/2013/texmf-dist/tex/generic/oberdiek/hobsub-generic.sty
Package: hobsub-generic 2012/05/28 v1.13 Bundle oberdiek, subset generic (HO)
Package: hobsub 2012/05/28 v1.13 Construct package bundles (HO)
Package hobsub Info: Skipping package `infwarerr' (already loaded).
Package hobsub Info: Skipping package `ltxcmds' (already loaded).
Package hobsub Info: Skipping package `ifluatex' (already loaded).
Package: ifvtex 2010/03/01 v1.5 Detect VTeX and its facilities (HO)
Package ifvtex Info: VTeX not detected.
Package: intcalc 2007/09/27 v1.1 Expandable calculations with integers (HO)
Package hobsub Info: Skipping package `ifpdf' (already loaded).
Package hobsub Info: Skipping package `etexcmds' (already loaded).
Package hobsub Info: Skipping package `kvsetkeys' (already loaded).
Package: kvdefinekeys 2011/04/07 v1.3 Define keys (HO)
Package hobsub Info: Skipping package `pdftexcmds' (already loaded).
Package: pdfescape 2011/11/25 v1.13 Implements pdfTeX's escape features (HO)
Package: bigintcalc 2012/04/08 v1.3 Expandable calculations on big integers (HO
)
Package: bitset 2011/01/30 v1.1 Handle bit-vector datatype (HO)
Package: uniquecounter 2011/01/30 v1.2 Provide unlimited unique counter (HO)
)
Package hobsub Info: Skipping package `hobsub' (already loaded).
Package: letltxmacro 2010/09/02 v1.4 Let assignment for LaTeX macros (HO)
Package: hopatch 2012/05/28 v1.2 Wrapper for package hooks (HO)
Package: xcolor-patch 2011/01/30 xcolor patch
Package: atveryend 2011/06/30 v1.8 Hooks at the very end of document (HO)
Package atveryend Info: \enddocument detected (standard20110627).
Package: atbegshi 2011/10/05 v1.16 At begin shipout hook (HO)
Package: refcount 2011/10/16 v3.4 Data extraction from label references (HO)
Package: hycolor 2011/01/30 v1.7 Color options for hyperref/bookmark (HO)
)
(/usr/local/texlive/2013/texmf-dist/tex/latex/oberdiek/auxhook.sty
Package: auxhook 2011/03/04 v1.3 Hooks for auxiliary files (HO)
)
\@linkdim=\dimen115
\Hy@linkcounter=\count102
\Hy@pagecounter=\count103

(/usr/local/texlive/2013/texmf-dist/tex/latex/hyperref/pd1enc.def
File: pd1enc.def 2012/11/06 v6.83m Hyperref: PDFDocEncoding definition (HO)
)
\Hy@SavedSpaceFactor=\count104

(/usr/local/texlive/2013/texmf-dist/tex/latex/latexconfig/hyperref.cfg
File: hyperref.cfg 2002/06/06 v1.2 hyperref configuration of TeXLive
)
Package hyperref Info: Hyper figures OFF on input line 4443.
Package hyperref Info: Link nesting OFF on input line 4448.
Package hyperref Info: Hyper index ON on input line 4451.
Package hyperref Info: Plain pages OFF on input line 4458.
Package hyperref Info: Backreferencing OFF on input line 4463.
Package hyperref Info: Implicit mode ON; LaTeX internals redefined.
Package hyperref Info: Bookmarks ON on input line 4688.
\c@Hy@tempcnt=\count105

(/usr/local/texlive/2013/texmf-dist/tex/latex/url/url.sty
\Urlmuskip=\muskip11
Package: url 2006/04/12  ver 3.3  Verb mode for urls, etc.
)
LaTeX Info: Redefining \url on input line 5041.
\XeTeXLinkMargin=\dimen116
\Fld@menulength=\count106
\Field@Width=\dimen117
\Fld@charsize=\dimen118
Package hyperref Info: Hyper figures OFF on input line 6295.
Package hyperref Info: Link nesting OFF on input line 6300.
Package hyperref Info: Hyper index ON on input line 6303.
Package hyperref Info: backreferencing OFF on input line 6310.
Package hyperref Info: Link coloring OFF on input line 6315.
Package hyperref Info: Link coloring with OCG OFF on input line 6320.
Package hyperref Info: PDF/A mode OFF on input line 6325.
LaTeX Info: Redefining \ref on input line 6365.
LaTeX Info: Redefining \pageref on input line 6369.
\Hy@abspage=\count107
\c@Item=\count108
\c@Hfootnote=\count109
)

Package hyperref Message: Driver (autodetected): hpdftex.

(/usr/local/texlive/2013/texmf-dist/tex/latex/hyperref/hpdftex.def
File: hpdftex.def 2012/11/06 v6.83m Hyperref driver for pdfTeX
\Fld@listcount=\count110
\c@bookmark@seq@number=\count111

(/usr/local/texlive/2013/texmf-dist/tex/latex/oberdiek/rerunfilecheck.sty
Package: rerunfilecheck 2011/04/15 v1.7 Rerun checks for auxiliary files (HO)
Package uniquecounter Info: New unique counter `rerunfilecheck' on input line 2
82.
)
\Hy@SectionHShift=\skip46
)
Package hyperref Info: Option `colorlinks' set `true' on input line 16.

(./RadioAstronomy_Practicum2_VLADataAnalysisAndCalibration_TLRH_6126561_report.
aux)
\openout1 = `RadioAstronomy_Practicum2_VLADataAnalysisAndCalibration_TLRH_61265
61_report.aux'.

LaTeX Font Info:    Checking defaults for OML/cmm/m/it on input line 26.
LaTeX Font Info:    ... okay on input line 26.
LaTeX Font Info:    Checking defaults for T1/cmr/m/n on input line 26.
LaTeX Font Info:    ... okay on input line 26.
LaTeX Font Info:    Checking defaults for OT1/cmr/m/n on input line 26.
LaTeX Font Info:    ... okay on input line 26.
LaTeX Font Info:    Checking defaults for OMS/cmsy/m/n on input line 26.
LaTeX Font Info:    ... okay on input line 26.
LaTeX Font Info:    Checking defaults for OMX/cmex/m/n on input line 26.
LaTeX Font Info:    ... okay on input line 26.
LaTeX Font Info:    Checking defaults for U/cmr/m/n on input line 26.
LaTeX Font Info:    ... okay on input line 26.
LaTeX Font Info:    Checking defaults for PD1/pdf/m/n on input line 26.
LaTeX Font Info:    ... okay on input line 26.
 (/usr/local/texlive/2013/texmf-dist/tex/context/base/supp-pdf.mkii
[Loading MPS to PDF converter (version 2006.09.02).]
\scratchcounter=\count112
\scratchdimen=\dimen119
\scratchbox=\box30
\nofMPsegments=\count113
\nofMParguments=\count114
\everyMPshowfont=\toks23
\MPscratchCnt=\count115
\MPscratchDim=\dimen120
\MPnumerator=\count116
\makeMPintoPDFobject=\count117
\everyMPtoPDFconversion=\toks24
) (/usr/local/texlive/2013/texmf-dist/tex/latex/oberdiek/epstopdf-base.sty
Package: epstopdf-base 2010/02/09 v2.5 Base part for package epstopdf

(/usr/local/texlive/2013/texmf-dist/tex/latex/oberdiek/grfext.sty
Package: grfext 2010/08/19 v1.1 Manage graphics extensions (HO)
)
Package grfext Info: Graphics extension search list:
(grfext)             [.png,.pdf,.jpg,.mps,.jpeg,.jbig2,.jb2,.PNG,.PDF,.JPG,.JPE
G,.JBIG2,.JB2,.eps]
(grfext)             \AppendGraphicsExtensions on input line 452.

(/usr/local/texlive/2013/texmf-dist/tex/latex/latexconfig/epstopdf-sys.cfg
File: epstopdf-sys.cfg 2010/07/13 v1.3 Configuration of (r)epstopdf for TeX Liv
e
))
\AtBeginShipoutBox=\box31

(/usr/local/texlive/2013/texmf-dist/tex/latex/graphics/color.sty
Package: color 2005/11/14 v1.0j Standard LaTeX Color (DPC)

(/usr/local/texlive/2013/texmf-dist/tex/latex/latexconfig/color.cfg
File: color.cfg 2007/01/18 v1.5 color configuration of teTeX/TeXLive
)
Package color Info: Driver file: pdftex.def on input line 130.
)
Package hyperref Info: Link coloring ON on input line 26.

(/usr/local/texlive/2013/texmf-dist/tex/latex/hyperref/nameref.sty
Package: nameref 2012/10/27 v2.43 Cross-referencing by name of section

(/usr/local/texlive/2013/texmf-dist/tex/generic/oberdiek/gettitlestring.sty
Package: gettitlestring 2010/12/03 v1.4 Cleanup title references (HO)
)
\c@section@level=\count118
)
LaTeX Info: Redefining \ref on input line 26.
LaTeX Info: Redefining \pageref on input line 26.
LaTeX Info: Redefining \nameref on input line 26.

(./RadioAstronomy_Practicum2_VLADataAnalysisAndCalibration_TLRH_6126561_report.
out)
(./RadioAstronomy_Practicum2_VLADataAnalysisAndCalibration_TLRH_6126561_report.
out)
\@outlinefile=\write3
\openout3 = `RadioAstronomy_Practicum2_VLADataAnalysisAndCalibration_TLRH_61265
61_report.out'.

LaTeX Font Info:    Try loading font information for U+msa on input line 29.
 (/usr/local/texlive/2013/texmf-dist/tex/latex/amsfonts/umsa.fd
File: umsa.fd 2013/01/14 v3.01 AMS symbols A
)
LaTeX Font Info:    Try loading font information for U+msb on input line 29.

(/usr/local/texlive/2013/texmf-dist/tex/latex/amsfonts/umsb.fd
File: umsb.fd 2013/01/14 v3.01 AMS symbols B
) [1

{/usr/local/texlive/2013/texmf-var/fonts/map/pdftex/updmap/pdftex.map}]
Underfull \hbox (badness 10000) in paragraph at lines 38--39

 []


Underfull \hbox (badness 10000) in paragraph at lines 40--42

 []

Missing character: There is no â in font cmti10!
Missing character: There is no € in font cmti10!
Missing character: There is no ™ in font cmti10!

Underfull \hbox (badness 10000) in paragraph at lines 43--45

 []

<../Imaging/plots/plotants_vraag12.png, id=66, 586.8324pt x 442.2924pt>
File: ../Imaging/plots/plotants_vraag12.png Graphic file (type png)

<use ../Imaging/plots/plotants_vraag12.png>
Package pdftex.def Info: ../Imaging/plots/plotants_vraag12.png used on input li
ne 50.
(pdftex.def)             Requested size: 410.77988pt x 309.60257pt.

Underfull \hbox (badness 10000) in paragraph at lines 54--56

 []

[2] [3 <../Imaging/plots/plotants_vraag12.png>] [4]
<../Imaging/plots/amp_vs_time_vraag14-1.png, id=102, 350.05782pt x 391.4625pt>
File: ../Imaging/plots/amp_vs_time_vraag14-1.png Graphic file (type png)

<use ../Imaging/plots/amp_vs_time_vraag14-1.png>
Package pdftex.def Info: ../Imaging/plots/amp_vs_time_vraag14-1.png used on inp
ut line 73.
(pdftex.def)             Requested size: 227.53487pt x 254.4476pt.

<../Imaging/plots/phase_vs_time_vraag14-2.png, id=103, 350.05782pt x 391.4625pt
>
File: ../Imaging/plots/phase_vs_time_vraag14-2.png Graphic file (type png)
 <use ../Imaging/plots/phase_vs_time_vraag14-2.png>
Package pdftex.def Info: ../Imaging/plots/phase_vs_time_vraag14-2.png used on i
nput line 80.
(pdftex.def)             Requested size: 227.53487pt x 254.4476pt.

<../Imaging/plots/frequency_vs_time_vraag14-3.png, id=104, 350.05782pt x 391.46
25pt>
File: ../Imaging/plots/frequency_vs_time_vraag14-3.png Graphic file (type png)
 <use ../Imaging/plots/frequency_vs_time_vraag14-3.png>
Package pdftex.def Info: ../Imaging/plots/frequency_vs_time_vraag14-3.png used 
on input line 88.
(pdftex.def)             Requested size: 227.53487pt x 254.4476pt.


LaTeX Warning: `!h' float specifier changed to `!ht'.


<../Imaging/plots/Ampltide_vs_UVdist_vraag14-4.png, id=105, 350.05782pt x 391.4
625pt>
File: ../Imaging/plots/Ampltide_vs_UVdist_vraag14-4.png Graphic file (type png)

 <use ../Imaging/plots/Ampltide_vs_UVdist_vraag14-4.png>
Package pdftex.def Info: ../Imaging/plots/Ampltide_vs_UVdist_vraag14-4.png used
 on input line 96.
(pdftex.def)             Requested size: 227.53487pt x 254.4476pt.


LaTeX Warning: `!h' float specifier changed to `!ht'.


<../Imaging/plots/Ampltide_vs_UVdist_data-field-3_vraag14-5.png, id=106, 350.05
782pt x 391.4625pt>
File: ../Imaging/plots/Ampltide_vs_UVdist_data-field-3_vraag14-5.png Graphic fi
le (type png)

<use ../Imaging/plots/Ampltide_vs_UVdist_data-field-3_vraag14-5.png>
Package pdftex.def Info: ../Imaging/plots/Ampltide_vs_UVdist_data-field-3_vraag
14-5.png used on input line 104.
(pdftex.def)             Requested size: 227.53487pt x 254.4476pt.


LaTeX Warning: `!h' float specifier changed to `!ht'.


<../Imaging/plots/Ampltide_vs_UVwave_vraag14-6.png, id=107, 350.05782pt x 391.4
625pt>
File: ../Imaging/plots/Ampltide_vs_UVwave_vraag14-6.png Graphic file (type png)

 <use ../Imaging/plots/Ampltide_vs_UVwave_vraag14-6.png>
Package pdftex.def Info: ../Imaging/plots/Ampltide_vs_UVwave_vraag14-6.png used
 on input line 111.
(pdftex.def)             Requested size: 227.53487pt x 254.4476pt.


LaTeX Warning: `!h' float specifier changed to `!ht'.

[5 <../Imaging/plots/amp_vs_time_vraag14-1.png> <../Imaging/plots/phase_vs_time
_vraag14-2.png>]

LaTeX Warning: Text page 6 contains only floats.

[6 <../Imaging/plots/frequency_vs_time_vraag14-3.png> <../Imaging/plots/Ampltid
e_vs_UVdist_vraag14-4.png>]

LaTeX Warning: Text page 7 contains only floats.


Overfull \vbox (3.44531pt too high) has occurred while \output is active []


[7 <../Imaging/plots/Ampltide_vs_UVdist_data-field-3_vraag14-5.png> <../Imaging
/plots/Ampltide_vs_UVwave_vraag14-6.png>]
Underfull \hbox (badness 10000) in paragraph at lines 117--119

 []

<../Imaging/plots/amp_vs_time_vraag15.png, id=128, 350.05782pt x 391.4625pt>
File: ../Imaging/plots/amp_vs_time_vraag15.png Graphic file (type png)

<use ../Imaging/plots/amp_vs_time_vraag15.png>
Package pdftex.def Info: ../Imaging/plots/amp_vs_time_vraag15.png used on input
 line 123.
(pdftex.def)             Requested size: 227.53487pt x 254.4476pt.

Underfull \hbox (badness 10000) in paragraph at lines 132--133

 []

[8 <../Imaging/plots/amp_vs_time_vraag15.png>]
Underfull \hbox (badness 10000) in paragraph at lines 134--136

 []


Underfull \hbox (badness 10000) in paragraph at lines 137--139

 []


Underfull \hbox (badness 10000) in paragraph at lines 140--142

 []


<../Imaging/plots/amp_vs_antenna1_vraag19.png, id=143, 350.05782pt x 391.4625pt
>
File: ../Imaging/plots/amp_vs_antenna1_vraag19.png Graphic file (type png)
 <use ../Imaging/plots/amp_vs_antenna1_vraag19.png>
Package pdftex.def Info: ../Imaging/plots/amp_vs_antenna1_vraag19.png used on i
nput line 145.
(pdftex.def)             Requested size: 245.03879pt x 274.02187pt.

<../Imaging/plots/amp_vs_baseline_vraag19.png, id=144, 350.05782pt x 391.4625pt
>
File: ../Imaging/plots/amp_vs_baseline_vraag19.png Graphic file (type png)
 <use ../Imaging/plots/amp_vs_baseline_vraag19.png>
Package pdftex.def Info: ../Imaging/plots/amp_vs_baseline_vraag19.png used on i
nput line 151.
(pdftex.def)             Requested size: 245.03879pt x 274.02187pt.


LaTeX Warning: Reference `ig:19-ant1' on page 9 undefined on input line 158.


Underfull \hbox (badness 10000) in paragraph at lines 157--159

 []

LaTeX Font Info:    Try loading font information for OMS+cmr on input line 160.

(/usr/local/texlive/2013/texmf-dist/tex/latex/base/omscmr.fd
File: omscmr.fd 1999/05/25 v2.5h Standard LaTeX font definitions
)
LaTeX Font Info:    Font shape `OMS/cmr/m/n' in size <10.95> not available
(Font)              Font shape `OMS/cmsy/m/n' tried instead on input line 160.

Overfull \hbox (14.86633pt too wide) in paragraph at lines 161--162
[]\OT1/cmr/m/n/10.95 flagdata(vis = `3c391[]ctm[]mosaic[]10s[]spw0.ms', mode=`q
uack', quack-mode=`beg',
 []


<../Imaging/plots/amp_vs_antenna1_part2_vraag6_with_display-FlaggedPointsSymbol
-custom.png, id=146, 1006.51031pt x 607.51968pt>
File: ../Imaging/plots/amp_vs_antenna1_part2_vraag6_with_display-FlaggedPointsS
ymbol-custom.png Graphic file (type png)

<use ../Imaging/plots/amp_vs_antenna1_part2_vraag6_with_display-FlaggedPointsSy
mbol-custom.png>
Package pdftex.def Info: ../Imaging/plots/amp_vs_antenna1_part2_vraag6_with_dis
play-FlaggedPointsSymbol-custom.png used on input line 171.
(pdftex.def)             Requested size: 301.95543pt x 182.25731pt.
 [9] [10 <../Imaging/plots/amp_vs_antenna1_vraag19.png>]
[11 <../Imaging/plots/amp_vs_baseline_vraag19.png>]
Underfull \hbox (badness 10000) in paragraph at lines 175--177

 []

[12 <../Imaging/plots/amp_vs_antenna1_part2_vraag6_with_display-FlaggedPointsSy
mbol-custom.png>]
Overfull \hbox (7.07204pt too wide) in paragraph at lines 181--182
\OT1/cmr/m/n/10.95 Please-MakeTh-is-ForMeDearCasa', field=`', spw=`', mode=`mfs
', niter=5000, gain=0.1,
 []


Overfull \hbox (12.54709pt too wide) in paragraph at lines 181--182
\OT1/cmr/m/n/10.95 thresh-old=`1.0mJy', psf-mode=`clark', im-ager-mode=`mosaic'
, ft-ma-chine=`mosaic', mul-
 []


Overfull \hbox (23.07117pt too wide) in paragraph at lines 181--182
\OT1/cmr/m/n/10.95 ti-scale= [0], in-ter-ac-tive=True, im-size=[480, 480], cell
= [`2.5arc-sec', `2.5arc-sec'], stokes=`I',
 []


Underfull \hbox (badness 10000) in paragraph at lines 181--182

 []

<../Imaging/plots/MosaicImagedPart3.png, id=170, 210.03468pt x 192.72pt>
File: ../Imaging/plots/MosaicImagedPart3.png Graphic file (type png)

<use ../Imaging/plots/MosaicImagedPart3.png>
Package pdftex.def Info: ../Imaging/plots/MosaicImagedPart3.png used on input l
ine 187.
(pdftex.def)             Requested size: 147.02327pt x 134.90306pt.

Underfull \hbox (badness 10000) in paragraph at lines 193--195

 []

[13 <../Imaging/plots/MosaicImagedPart3.png>]
Overfull \hbox (35.20132pt too wide) in paragraph at lines 196--198
\OT1/cmr/m/n/10.95 gencal(vis=`3c391[]ctm[]mosaic[]10s[]spw0.ms', caltable=`3c3
91[]ctm[]mosaic[]10s[]spw0.antpos',
 []


Underfull \hbox (badness 10000) in paragraph at lines 196--198

 []


Underfull \hbox (badness 10000) in paragraph at lines 199--201

 []


Underfull \hbox (badness 10000) in paragraph at lines 242--257

 []


Underfull \hbox (badness 10000) in paragraph at lines 258--260

 []

[14]
Underfull \hbox (badness 10000) in paragraph at lines 264--266

 []


Underfull \hbox (badness 10000) in paragraph at lines 267--272

 []


Underfull \hbox (badness 10000) in paragraph at lines 273--274

 []


Underfull \hbox (badness 10000) in paragraph at lines 275--277

 []

[15]
Missing character: There is no â in font cmti10!
Missing character: There is no € in font cmti10!
Missing character: There is no ™ in font cmti10!

Overfull \hbox (53.98674pt too wide) in paragraph at lines 278--280
\OT1/cmr/m/n/10.95 Here, we run setjy(vis=`3c391[]ctm[]mosaic[]10s[]spw0.ms', f
ield=`J1331+3030', standard=`Perley-
 []

LaTeX Font Info:    Font shape `OMS/cmr/m/n' in size <6> not available
(Font)              Font shape `OMS/cmsy/m/n' tried instead on input line 283.

Underfull \hbox (badness 10000) in paragraph at lines 296--298

 []


Underfull \hbox (badness 10000) in paragraph at lines 299--300

 []


Underfull \hbox (badness 10000) in paragraph at lines 301--303

 []

[16]
Overfull \hbox (18.17361pt too wide) in paragraph at lines 315--318
\OT1/cmr/m/n/10.95 We run \OT1/cmr/m/n/6 gain-cal(vis=`3c391[]ctm[]mosaic[]10s[
]spw0.ms',caltable=`3c391[]ctm[]mosaic[]10s[]spw0.G0all', field=`0, 1, 9', re-f
ant=`ea21',
 []


Underfull \hbox (badness 10000) in paragraph at lines 315--318

 []


Underfull \hbox (badness 10000) in paragraph at lines 319--321

 []


Overfull \hbox (31.2858pt too wide) in paragraph at lines 322--325
\OT1/cmr/m/n/10.95 We run \OT1/cmr/m/n/6 plot-cal(caltable=`3c391[]ctm[]mosaic[
]10s[]spw0.G0all',xaxis=`time',yaxis=`phase', poln=`R',iteration=`antenna',plot
range=[-
 []

[17]
<../Imaging/plots/phase_calibration_part4c_question5_ea01.png, id=207, 586.8324
pt x 442.2924pt>
File: ../Imaging/plots/phase_calibration_part4c_question5_ea01.png Graphic file
 (type png)

<use ../Imaging/plots/phase_calibration_part4c_question5_ea01.png>
Package pdftex.def Info: ../Imaging/plots/phase_calibration_part4c_question5_ea
01.png used on input line 331.
(pdftex.def)             Requested size: 293.41548pt x 221.14566pt.

<../Imaging/plots/phase_calibration_part4c_question5_ea21.png, id=208, 586.8324
pt x 442.2924pt>
File: ../Imaging/plots/phase_calibration_part4c_question5_ea21.png Graphic file
 (type png)

<use ../Imaging/plots/phase_calibration_part4c_question5_ea21.png>
Package pdftex.def Info: ../Imaging/plots/phase_calibration_part4c_question5_ea
21.png used on input line 338.
(pdftex.def)             Requested size: 293.41548pt x 221.14566pt.

<../Imaging/plots/phase_calibration_part4c_question5_ea05.png, id=209, 586.8324
pt x 442.2924pt>
File: ../Imaging/plots/phase_calibration_part4c_question5_ea05.png Graphic file
 (type png)

<use ../Imaging/plots/phase_calibration_part4c_question5_ea05.png>
Package pdftex.def Info: ../Imaging/plots/phase_calibration_part4c_question5_ea
05.png used on input line 345.
(pdftex.def)             Requested size: 293.41548pt x 221.14566pt.


LaTeX Warning: `!h' float specifier changed to `!ht'.


<../Imaging/plots/phase_calibration_part4c_question5_ea24.png, id=210, 586.8324
pt x 442.2924pt>
File: ../Imaging/plots/phase_calibration_part4c_question5_ea24.png Graphic file
 (type png)

<use ../Imaging/plots/phase_calibration_part4c_question5_ea24.png>
Package pdftex.def Info: ../Imaging/plots/phase_calibration_part4c_question5_ea
24.png used on input line 352.
(pdftex.def)             Requested size: 293.41548pt x 221.14566pt.


LaTeX Warning: `!h' float specifier changed to `!ht'.

[18 <../Imaging/plots/phase_calibration_part4c_question5_ea01.png> <../Imaging/
plots/phase_calibration_part4c_question5_ea21.png>]
Underfull \hbox (badness 10000) in paragraph at lines 358--360

 []

[19 <../Imaging/plots/phase_calibration_part4c_question5_ea05.png> <../Imaging/
plots/phase_calibration_part4c_question5_ea24.png>]
Overfull \hbox (112.53156pt too wide) in paragraph at lines 370--374
\OT1/cmr/m/n/10.95 First, we run \OT1/cmr/m/n/6 gain-cal(vis=`3c391[]ctm[]mosai
c[]10s[]spw0.ms',caltable=`3c391[]ctm[]mosaic[]10s[]spw0.K0', field=`J1331+3030
',refant=`ea21',spw=`0:5 58',gain-
 []


Overfull \hbox (26.06493pt too wide) in paragraph at lines 370--374
\OT1/cmr/m/n/6 type=`K', solint=`inf',combine=`scan',minsnr=5, gaintable=[`3c39
1[]ctm[]mosaic[]10s[]spw0.antpos', `3c391[]ctm[]mosaic[]10s[]spw0.G0'])\OT1/cmr
/m/n/10.95 . 
 []


<../Imaging/plots/plotcal_3c391-K0-delay.png, id=226, 586.8324pt x 442.2924pt>
File: ../Imaging/plots/plotcal_3c391-K0-delay.png Graphic file (type png)

<use ../Imaging/plots/plotcal_3c391-K0-delay.png>
Package pdftex.def Info: ../Imaging/plots/plotcal_3c391-K0-delay.png used on in
put line 378.
(pdftex.def)             Requested size: 381.43654pt x 287.48665pt.


LaTeX Warning: `!h' float specifier changed to `!ht'.


Underfull \hbox (badness 10000) in paragraph at lines 383--385

 []


Underfull \hbox (badness 10000) in paragraph at lines 386--388

 []

[20]
<../Imaging/plots/part4-subE-question3a_amp_pol-R.png, id=236, 586.8324pt x 442
.2924pt>
File: ../Imaging/plots/part4-subE-question3a_amp_pol-R.png Graphic file (type p
ng)
 <use ../Imaging/plots/part4-subE-question3a_amp_pol-R.png>
Package pdftex.def Info: ../Imaging/plots/part4-subE-question3a_amp_pol-R.png u
sed on input line 393.
(pdftex.def)             Requested size: 293.41548pt x 221.14566pt.


LaTeX Warning: `!h' float specifier changed to `!ht'.


<../Imaging/plots/part4-subE-question3a_amp_pol-L.png, id=237, 586.8324pt x 442
.2924pt>
File: ../Imaging/plots/part4-subE-question3a_amp_pol-L.png Graphic file (type p
ng)
 <use ../Imaging/plots/part4-subE-question3a_amp_pol-L.png>
Package pdftex.def Info: ../Imaging/plots/part4-subE-question3a_amp_pol-L.png u
sed on input line 399.
(pdftex.def)             Requested size: 293.41548pt x 221.14566pt.


LaTeX Warning: `!h' float specifier changed to `!ht'.


Underfull \hbox (badness 10000) in paragraph at lines 404--406

 []

[21 <../Imaging/plots/plotcal_3c391-K0-delay.png>]
<../Imaging/plots/part4-subE-question3b_phase_pol-R.png, id=247, 586.8324pt x 4
42.2924pt>
File: ../Imaging/plots/part4-subE-question3b_phase_pol-R.png Graphic file (type
 png)
 <use ../Imaging/plots/part4-subE-question3b_phase_pol-R.png>
Package pdftex.def Info: ../Imaging/plots/part4-subE-question3b_phase_pol-R.png
 used on input line 411.
(pdftex.def)             Requested size: 293.41548pt x 221.14566pt.


LaTeX Warning: `!h' float specifier changed to `!ht'.


<../Imaging/plots/part4-subE-question3b_phase_pol-L.png, id=248, 586.8324pt x 4
42.2924pt>
File: ../Imaging/plots/part4-subE-question3b_phase_pol-L.png Graphic file (type
 png)
 <use ../Imaging/plots/part4-subE-question3b_phase_pol-L.png>
Package pdftex.def Info: ../Imaging/plots/part4-subE-question3b_phase_pol-L.png
 used on input line 418.
(pdftex.def)             Requested size: 293.41548pt x 221.14566pt.


LaTeX Warning: `!h' float specifier changed to `!ht'.


Underfull \hbox (badness 10000) in paragraph at lines 429--431

 []

[22 <../Imaging/plots/part4-subE-question3a_amp_pol-R.png> <../Imaging/plots/pa
rt4-subE-question3a_amp_pol-L.png>] [23 <../Imaging/plots/part4-subE-question3b
_phase_pol-R.png> <../Imaging/plots/part4-subE-question3b_phase_pol-L.png>]
[24]
<../Imaging/plots/part4-subF-question4_amp_pol-R.png, id=273, 586.8324pt x 442.
2924pt>
File: ../Imaging/plots/part4-subF-question4_amp_pol-R.png Graphic file (type pn
g)
 <use ../Imaging/plots/part4-subF-question4_amp_pol-R.png>
Package pdftex.def Info: ../Imaging/plots/part4-subF-question4_amp_pol-R.png us
ed on input line 458.
(pdftex.def)             Requested size: 293.41548pt x 221.14566pt.

<../Imaging/plots/part4-subF-question4_amp_pol-L.png, id=274, 586.8324pt x 442.
2924pt>
File: ../Imaging/plots/part4-subF-question4_amp_pol-L.png Graphic file (type pn
g)
 <use ../Imaging/plots/part4-subF-question4_amp_pol-L.png>
Package pdftex.def Info: ../Imaging/plots/part4-subF-question4_amp_pol-L.png us
ed on input line 465.
(pdftex.def)             Requested size: 293.41548pt x 221.14566pt.
 [25 <../Imaging/plots/part4-subF-question4_amp_pol-R.png> <../Imaging/plots/pa
rt4-subF-question4_amp_pol-L.png>]
<../Imaging/plots/part4-subF-question4_phase_pol-R.png, id=282, 586.8324pt x 44
2.2924pt>
File: ../Imaging/plots/part4-subF-question4_phase_pol-R.png Graphic file (type 
png)
 <use ../Imaging/plots/part4-subF-question4_phase_pol-R.png>
Package pdftex.def Info: ../Imaging/plots/part4-subF-question4_phase_pol-R.png 
used on input line 472.
(pdftex.def)             Requested size: 293.41548pt x 221.14566pt.

<../Imaging/plots/part4-subF-question4_phase_pol-L.png, id=283, 586.8324pt x 44
2.2924pt>
File: ../Imaging/plots/part4-subF-question4_phase_pol-L.png Graphic file (type 
png)
 <use ../Imaging/plots/part4-subF-question4_phase_pol-L.png>
Package pdftex.def Info: ../Imaging/plots/part4-subF-question4_phase_pol-L.png 
used on input line 478.
(pdftex.def)             Requested size: 293.41548pt x 221.14566pt.
 [26 <../Imaging/plots/part4-subF-question4_phase_pol-R.png> <../Imaging/plots/
part4-subF-question4_phase_pol-L.png>]
Overfull \hbox (19.64645pt too wide) in paragraph at lines 484--487
\OT1/cmr/m/n/10.95 The com-mand run is \OT1/cmr/m/n/6 myscale = fluxs-cale(vis=
`3c391[]ctm[]mosaic[]10s[]spw0.ms', caltable=`3c391[]ctm[]mosaic[]10s[]spw0.G1'
,
 []


Underfull \hbox (badness 10000) in paragraph at lines 484--487

 []


Underfull \hbox (badness 10000) in paragraph at lines 488--490

 []


Underfull \hbox (badness 10000) in paragraph at lines 491--492

 []


Underfull \hbox (badness 10000) in paragraph at lines 493--494

 []


Underfull \hbox (badness 10000) in paragraph at lines 495--506

 []


Underfull \hbox (badness 10000) in paragraph at lines 507--508

 []

[27]
Underfull \hbox (badness 10000) in paragraph at lines 509--522

 []


Underfull \hbox (badness 10000) in paragraph at lines 523--524

 []

[28]
<../Imaging/plots/part4-subG-question5_amp_pol-L.png, id=304, 586.8324pt x 442.
2924pt>
File: ../Imaging/plots/part4-subG-question5_amp_pol-L.png Graphic file (type pn
g)
 <use ../Imaging/plots/part4-subG-question5_amp_pol-L.png>
Package pdftex.def Info: ../Imaging/plots/part4-subG-question5_amp_pol-L.png us
ed on input line 531.
(pdftex.def)             Requested size: 293.41548pt x 221.14566pt.

<../Imaging/plots/part4-subG-question5_amp_pol-R.png, id=305, 586.8324pt x 442.
2924pt>
File: ../Imaging/plots/part4-subG-question5_amp_pol-R.png Graphic file (type pn
g)
 <use ../Imaging/plots/part4-subG-question5_amp_pol-R.png>
Package pdftex.def Info: ../Imaging/plots/part4-subG-question5_amp_pol-R.png us
ed on input line 537.
(pdftex.def)             Requested size: 293.41548pt x 221.14566pt.
 [29 <../Imaging/plots/part4-subG-question5_amp_pol-L.png> <../Imaging/plots/pa
rt4-subG-question5_amp_pol-R.png>]
Underfull \hbox (badness 10000) in paragraph at lines 552--554

 []

[30]
<../Imaging/plots/part4-subH-question3_fld0-corrected-amp.png, id=320, 350.0578
2pt x 391.4625pt>
File: ../Imaging/plots/part4-subH-question3_fld0-corrected-amp.png Graphic file
 (type png)

<use ../Imaging/plots/part4-subH-question3_fld0-corrected-amp.png>
Package pdftex.def Info: ../Imaging/plots/part4-subH-question3_fld0-corrected-a
mp.png used on input line 558.
(pdftex.def)             Requested size: 175.02847pt x 195.73076pt.

<../Imaging/plots/part4-subH-question3_fld0-corrected-phase.png, id=321, 350.05
782pt x 391.4625pt>
File: ../Imaging/plots/part4-subH-question3_fld0-corrected-phase.png Graphic fi
le (type png)

<use ../Imaging/plots/part4-subH-question3_fld0-corrected-phase.png>
Package pdftex.def Info: ../Imaging/plots/part4-subH-question3_fld0-corrected-p
hase.png used on input line 564.
(pdftex.def)             Requested size: 175.02847pt x 195.73076pt.
 [31 <../Imaging/plots/part4-subH-question3_fld0-corrected-amp.png> <../Imaging
/plots/part4-subH-question3_fld0-corrected-phase.png>]
Underfull \hbox (badness 10000) in paragraph at lines 568--584

 []


<../Imaging/plots/part4-subH-question4_fld1-corrected-ampvsphase.png, id=331, 3
50.05782pt x 391.4625pt>
File: ../Imaging/plots/part4-subH-question4_fld1-corrected-ampvsphase.png Graph
ic file (type png)

<use ../Imaging/plots/part4-subH-question4_fld1-corrected-ampvsphase.png>
Package pdftex.def Info: ../Imaging/plots/part4-subH-question4_fld1-corrected-a
mpvsphase.png used on input line 591.
(pdftex.def)             Requested size: 175.02847pt x 195.73076pt.

Overfull \hbox (0.89534pt too wide) in paragraph at lines 596--597
\OT1/cmr/m/n/6 gain=0.1, thresh-old=`1.0mJy', psf-mode=`clark', im-ager-mode=`m
osaic', ft-ma-chine=`mosaic', mul-ti-scale=[0], in-ter-ac-tive=True,
 []

Package atveryend Info: Empty hook `BeforeClearDocument' on input line 600.

Overfull \hbox (5.14925pt too wide) in paragraph at lines 598--600
\OT1/cmr/m/it/10.95 Question) What do you ob-serve now com-pare it with pre cal
-i-bra-tion im-age list changes? 
 []

[32 <../Imaging/plots/part4-subH-question4_fld1-corrected-ampvsphase.png>]
Package atveryend Info: Empty hook `AfterLastShipout' on input line 600.

(./RadioAstronomy_Practicum2_VLADataAnalysisAndCalibration_TLRH_6126561_report.
aux)
Package atveryend Info: Executing hook `AtVeryEndDocument' on input line 600.
Package atveryend Info: Executing hook `AtEndAfterFileList' on input line 600.
Package rerunfilecheck Info: File `RadioAstronomy_Practicum2_VLADataAnalysisAnd
Calibration_TLRH_6126561_report.out' has not changed.
(rerunfilecheck)             Checksum: 071BD46E4D3481E9115C8B34AF3A990F;828.


LaTeX Warning: There were undefined references.

Package atveryend Info: Empty hook `AtVeryVeryEnd' on input line 600.
 ) 
Here is how much of TeX's memory you used:
 6762 strings out of 493315
 103813 string characters out of 6137904
 188212 words of memory out of 5000000
 10032 multiletter control sequences out of 15000+600000
 13566 words of font info for 52 fonts, out of 8000000 for 9000
 957 hyphenation exceptions out of 8191
 36i,8n,28p,933b,400s stack positions out of 5000i,500n,10000p,200000b,80000s
</usr/local/texlive/2013/texmf-dist/fonts/type1/public/amsfonts/cm/cmbx10.pfb
></usr/local/texlive/2013/texmf-dist/fonts/type1/public/amsfonts/cm/cmbx12.pfb>
</usr/local/texlive/2013/texmf-dist/fonts/type1/public/amsfonts/cm/cmmi10.pfb><
/usr/local/texlive/2013/texmf-dist/fonts/type1/public/amsfonts/cm/cmmi8.pfb></u
sr/local/texlive/2013/texmf-dist/fonts/type1/public/amsfonts/cm/cmr10.pfb></usr
/local/texlive/2013/texmf-dist/fonts/type1/public/amsfonts/cm/cmr12.pfb></usr/l
ocal/texlive/2013/texmf-dist/fonts/type1/public/amsfonts/cm/cmr17.pfb></usr/loc
al/texlive/2013/texmf-dist/fonts/type1/public/amsfonts/cm/cmr6.pfb></usr/local/
texlive/2013/texmf-dist/fonts/type1/public/amsfonts/cm/cmr8.pfb></usr/local/tex
live/2013/texmf-dist/fonts/type1/public/amsfonts/cm/cmsy10.pfb></usr/local/texl
ive/2013/texmf-dist/fonts/type1/public/amsfonts/cm/cmsy6.pfb></usr/local/texliv
e/2013/texmf-dist/fonts/type1/public/amsfonts/cm/cmsy8.pfb></usr/local/texlive/
2013/texmf-dist/fonts/type1/public/amsfonts/cm/cmti10.pfb></usr/local/texlive/2
013/texmf-dist/fonts/type1/public/amsfonts/cm/cmti12.pfb></usr/local/texlive/20
13/texmf-dist/fonts/type1/public/amsfonts/cm/cmtt10.pfb>
Output written on RadioAstronomy_Practicum2_VLADataAnalysisAndCalibration_TLRH_
6126561_report.pdf (32 pages, 854569 bytes).
PDF statistics:
 406 PDF objects out of 1000 (max. 8388607)
 294 compressed objects within 3 object streams
 82 named destinations out of 1000 (max. 500000)
 255 words of extra memory for PDF output out of 10000 (max. 10000000)

