2015-05-10 15:40:41	INFO	casa::::casa	---
2015-05-10 15:40:41	INFO	casa::::casa	CASA Version 4.2.1 (release r29047)
2015-05-10 15:40:41	INFO	casa::::casa	  Tagged on: Thu, 27 Mar 2014
2015-05-10 15:41:01	INFO	viewer::utils::verify	Verifying arguments....File existence checking failed for infile MeLoveSomeMosaicPleaseMakeThisForMeDearCasa.image
2015-05-10 15:41:01	WARN	viewer::utils::verify	Argument infile failed to verify.
2015-05-10 15:41:01	SEVERE	viewer::::casa	An error occurred running task viewer.
2015-05-10 15:41:07	INFO	viewer::utils::verify	Verifying arguments....File existence checking failed for infile MeLoveSomeMosaicPleaseMakeThisForMeDearCasa
2015-05-10 15:41:07	WARN	viewer::utils::verify	Argument infile failed to verify.
2015-05-10 15:41:07	SEVERE	viewer::::casa	An error occurred running task viewer.
2015-05-10 15:41:21	INFO	viewer::::casa	
2015-05-10 15:41:21	INFO	viewer::::casa+	##########################################
2015-05-10 15:41:21	INFO	viewer::::casa+	##### Begin Task: viewer             #####
2015-05-10 15:41:21	INFO	viewer::::casa	viewer(infile="MeLoveSomeMosaicPleaseMakeThisForMeDearCasa.flux",displaytype="raster",channel=0,zoom=1,
2015-05-10 15:41:21	INFO	viewer::::casa+	        outfile="",outscale=1.0,outdpi=300,outformat="jpg",outlandscape=False,
2015-05-10 15:41:21	INFO	viewer::::casa+	        gui=True)
2015-05-10 15:41:22	SEVERE	MeasTable::dUTC(Double) (file /var/rpmbuild/BUILD/casapy421/casapy421-42.1.29047/casacore/measures/Measures/MeasTable.cc, line 6657)	Leap second table TAI_UTC seems out-of-date. 
2015-05-10 15:41:22	SEVERE	MeasTable::dUTC(Double) (file /var/rpmbuild/BUILD/casapy421/casapy421-42.1.29047/casacore/measures/Measures/MeasTable.cc, line 6657)+	Until table is updated (see aips++ manager) times and coordinates
2015-05-10 15:41:22	SEVERE	MeasTable::dUTC(Double) (file /var/rpmbuild/BUILD/casapy421/casapy421-42.1.29047/casacore/measures/Measures/MeasTable.cc, line 6657)+	derived from UTC could be wrong by 1s or more.
2015-05-10 15:41:24	INFO	viewer::::casa	##### End Task: viewer               #####
2015-05-10 15:41:24	INFO	viewer::::casa+	##########################################
