2015-05-11 21:48:44	INFO	casa::::casa	---
2015-05-11 21:48:44	INFO	casa::::casa	CASA Version 4.2.1 (release r29047)
2015-05-11 21:48:44	INFO	casa::::casa	  Tagged on: Thu, 27 Mar 2014
2015-05-11 21:49:07	INFO	listobs::::casa	
2015-05-11 21:49:07	INFO	listobs::::casa+	##########################################
2015-05-11 21:49:07	INFO	listobs::::casa+	##### Begin Task: listobs            #####
2015-05-11 21:49:07	INFO	listobs::::casa	listobs(vis="3c391_ctm_mosaic_10s_spw0.ms",selectdata=True,spw="",field="",
2015-05-11 21:49:07	INFO	listobs::::casa+	        antenna="",uvrange="",timerange="",correlation="",scan="",
2015-05-11 21:49:07	INFO	listobs::::casa+	        intent="",feed="",array="",observation="",verbose=True,
2015-05-11 21:49:07	INFO	listobs::::casa+	        listfile="",listunfl=False,cachesize=50)
2015-05-11 21:49:07	INFO	listobs::ms::summary	================================================================================
2015-05-11 21:49:07	INFO	listobs::ms::summary+	           MeasurementSet Name:  /home/lods08/Assignments/Practicum2/Imaging/plots/3c391_ctm_mosaic_10s_spw0.ms      MS Version 2
2015-05-11 21:49:07	INFO	listobs::ms::summary+	================================================================================
2015-05-11 21:49:07	INFO	listobs::ms::summary+	   Observer: Dr. James Miller-Jones     Project: T.B.D.  
2015-05-11 21:49:07	INFO	listobs::ms::summary+	Observation: EVLA
2015-05-11 21:49:07	INFO	listobs::ms::summary	Data records: 845379       Total integration time = 28671.5 seconds
2015-05-11 21:49:07	INFO	listobs::ms::summary+	   Observed from   24-Apr-2010/08:02:15.0   to   24-Apr-2010/16:00:06.5 (UTC)
2015-05-11 21:49:09	INFO	listobs::ms::summary	
2015-05-11 21:49:09	INFO	listobs::ms::summary+	   ObservationID = 0         ArrayID = 0
2015-05-11 21:49:09	INFO	listobs::ms::summary+	  Date        Timerange (UTC)          Scan  FldId FieldName             nRows     SpwIds   Average Interval(s)    ScanIntent
2015-05-11 21:49:09	INFO	listobs::ms::summary+	  24-Apr-2010/08:02:10.4 - 08:02:29.5     1      0 J1331+3030                 650  [0]  [10] 
2015-05-11 21:49:09	INFO	listobs::ms::summary+	              08:02:24.5 - 08:09:29.1     2      0 J1331+3030               13975  [0]  [10] 
2015-05-11 21:49:09	INFO	listobs::ms::summary+	              08:09:24.0 - 08:16:28.0     3      0 J1331+3030               13975  [0]  [10] 
2015-05-11 21:49:09	INFO	listobs::ms::summary+	              08:19:38.0 - 08:24:26.5     4      1 J1822-0938                7035  [0]  [10] 
2015-05-11 21:49:09	INFO	listobs::ms::summary+	              08:24:48.0 - 08:29:46.5     5      2 3C391 C1                  7590  [0]  [10] 
2015-05-11 21:49:09	INFO	listobs::ms::summary+	              08:29:41.5 - 08:34:46.0     6      3 3C391 C2                  7821  [0]  [10] 
2015-05-11 21:49:09	INFO	listobs::ms::summary+	              08:34:41.0 - 08:39:45.5     7      4 3C391 C3                  7821  [0]  [10] 
2015-05-11 21:49:09	INFO	listobs::ms::summary+	              08:39:39.0 - 08:44:45.0     8      5 3C391 C4                  7821  [0]  [10] 
2015-05-11 21:49:09	INFO	listobs::ms::summary+	              08:44:40.0 - 08:49:44.5     9      6 3C391 C5                  7843  [0]  [10] 
2015-05-11 21:49:09	INFO	listobs::ms::summary+	              08:49:39.4 - 08:54:44.5    10      7 3C391 C6                  7843  [0]  [10] 
2015-05-11 21:49:09	INFO	listobs::ms::summary+	              08:54:39.5 - 08:59:43.5    11      8 3C391 C7                  7843  [0]  [10] 
2015-05-11 21:49:09	INFO	listobs::ms::summary+	              09:00:03.0 - 09:01:31.0    12      1 J1822-0938                2925  [0]  [10] 
2015-05-11 21:49:09	INFO	listobs::ms::summary+	              09:01:52.0 - 09:06:50.5    13      2 3C391 C1                  7941  [0]  [10] 
2015-05-11 21:49:09	INFO	listobs::ms::summary+	              09:06:45.5 - 09:11:50.0    14      3 3C391 C2                  9801  [0]  [10] 
2015-05-11 21:49:09	INFO	listobs::ms::summary+	              09:11:45.0 - 09:16:49.5    15      4 3C391 C3                 10075  [0]  [10] 
2015-05-11 21:49:09	INFO	listobs::ms::summary+	              09:16:44.5 - 09:21:49.0    16      5 3C391 C4                 10050  [0]  [10] 
2015-05-11 21:49:09	INFO	listobs::ms::summary+	              09:21:44.0 - 09:26:48.5    17      6 3C391 C5                 10075  [0]  [10] 
2015-05-11 21:49:09	INFO	listobs::ms::summary+	              09:26:43.5 - 09:31:48.5    18      7 3C391 C6                 10075  [0]  [10] 
2015-05-11 21:49:09	INFO	listobs::ms::summary+	              09:31:43.5 - 09:36:47.5    19      8 3C391 C7                 10075  [0]  [10] 
2015-05-11 21:49:09	INFO	listobs::ms::summary+	              09:37:07.0 - 09:38:35.0    20      1 J1822-0938                2900  [0]  [10] 
2015-05-11 21:49:09	INFO	listobs::ms::summary+	              09:38:57.0 - 09:43:55.0    21      2 3C391 C1                  9700  [0]  [10] 
2015-05-11 21:49:09	INFO	listobs::ms::summary+	              09:43:50.0 - 09:48:54.5    22      3 3C391 C2                 10050  [0]  [10] 
2015-05-11 21:49:09	INFO	listobs::ms::summary+	              09:48:49.5 - 09:53:54.0    23      4 3C391 C3                 10075  [0]  [10] 
2015-05-11 21:49:09	INFO	listobs::ms::summary+	              09:53:49.0 - 09:58:53.5    24      5 3C391 C4                 10075  [0]  [10] 
2015-05-11 21:49:09	INFO	listobs::ms::summary+	              09:58:48.5 - 10:03:53.0    25      6 3C391 C5                 10075  [0]  [10] 
2015-05-11 21:49:09	INFO	listobs::ms::summary+	              10:03:48.0 - 10:08:52.5    26      7 3C391 C6                 10075  [0]  [10] 
2015-05-11 21:49:09	INFO	listobs::ms::summary+	              10:08:47.5 - 10:13:47.0    27      8 3C391 C7                  9750  [0]  [10] 
2015-05-11 21:49:09	INFO	listobs::ms::summary+	              10:14:12.0 - 10:15:39.5    28      1 J1822-0938                2925  [0]  [10] 
2015-05-11 21:49:09	INFO	listobs::ms::summary+	              10:16:01.0 - 10:20:58.5    29      2 3C391 C1                  9000  [0]  [10] 
2015-05-11 21:49:09	INFO	listobs::ms::summary+	              10:20:53.5 - 10:25:58.6    30      3 3C391 C2                 10050  [0]  [10] 
2015-05-11 21:49:09	INFO	listobs::ms::summary+	              10:25:53.5 - 10:30:58.0    31      4 3C391 C3                 10075  [0]  [10] 
2015-05-11 21:49:09	INFO	listobs::ms::summary+	              10:30:53.0 - 10:35:57.5    32      5 3C391 C4                 10075  [0]  [10] 
2015-05-11 21:49:09	INFO	listobs::ms::summary+	              10:35:52.5 - 10:40:57.0    33      6 3C391 C5                 10075  [0]  [10] 
2015-05-11 21:49:09	INFO	listobs::ms::summary+	              10:40:52.0 - 10:45:56.5    34      7 3C391 C6                 10075  [0]  [10] 
2015-05-11 21:49:09	INFO	listobs::ms::summary+	              10:45:51.5 - 10:50:51.0    35      8 3C391 C7                  9750  [0]  [10] 
2015-05-11 21:49:09	INFO	listobs::ms::summary+	              10:51:15.0 - 10:52:42.5    36      1 J1822-0938                2925  [0]  [10] 
2015-05-11 21:49:09	INFO	listobs::ms::summary+	              10:55:14.0 - 10:57:42.0    37      0 J1331+3030                3364  [0]  [10] 
2015-05-11 21:49:09	INFO	listobs::ms::summary+	              11:00:13.0 - 11:02:41.0    38      1 J1822-0938                3883  [0]  [10] 
2015-05-11 21:49:09	INFO	listobs::ms::summary+	              11:03:03.0 - 11:08:01.0    39      2 3C391 C1                  9750  [0]  [10] 
2015-05-11 21:49:09	INFO	listobs::ms::summary+	              11:07:56.0 - 11:12:50.5    40      3 3C391 C2                  9725  [0]  [10] 
2015-05-11 21:49:09	INFO	listobs::ms::summary+	              11:12:45.5 - 11:17:40.1    41      4 3C391 C3                  9750  [0]  [10] 
2015-05-11 21:49:09	INFO	listobs::ms::summary+	              11:17:35.0 - 11:22:29.5    42      5 3C391 C4                  9750  [0]  [10] 
2015-05-11 21:49:09	INFO	listobs::ms::summary+	              11:22:24.5 - 11:27:19.5    43      6 3C391 C5                  9750  [0]  [10] 
2015-05-11 21:49:09	INFO	listobs::ms::summary+	              11:27:14.5 - 11:32:09.0    44      7 3C391 C6                  9750  [0]  [10] 
2015-05-11 21:49:09	INFO	listobs::ms::summary+	              11:32:04.0 - 11:36:53.0    45      8 3C391 C7                  9425  [0]  [10] 
2015-05-11 21:49:09	INFO	listobs::ms::summary+	              11:37:21.0 - 11:38:47.0    46      1 J1822-0938                2700  [0]  [10] 
2015-05-11 21:49:09	INFO	listobs::ms::summary+	              11:39:11.0 - 11:44:07.0    47      2 3C391 C1                  9750  [0]  [10] 
2015-05-11 21:49:09	INFO	listobs::ms::summary+	              11:44:02.0 - 11:48:56.5    48      3 3C391 C2                  9700  [0]  [10] 
2015-05-11 21:49:09	INFO	listobs::ms::summary+	              11:48:51.5 - 11:53:41.0    49      4 3C391 C3                  8355  [0]  [10] 
2015-05-11 21:49:09	INFO	listobs::ms::summary+	              11:53:41.0 - 11:58:30.5    50      5 3C391 C4                  9425  [0]  [10] 
2015-05-11 21:49:09	INFO	listobs::ms::summary+	              11:58:25.5 - 12:03:20.5    51      6 3C391 C5                  9725  [0]  [10] 
2015-05-11 21:49:09	INFO	listobs::ms::summary+	              12:03:15.5 - 12:08:10.0    52      7 3C391 C6                  9701  [0]  [10] 
2015-05-11 21:49:09	INFO	listobs::ms::summary+	              12:08:05.0 - 12:12:59.0    53      8 3C391 C7                  9725  [0]  [10] 
2015-05-11 21:49:09	INFO	listobs::ms::summary+	              12:13:29.0 - 12:14:48.0    54      1 J1822-0938                2600  [0]  [10] 
2015-05-11 21:49:09	INFO	listobs::ms::summary+	              12:15:18.0 - 12:20:07.5    55      2 3C391 C1                  9425  [0]  [10] 
2015-05-11 21:49:09	INFO	listobs::ms::summary+	              12:20:02.5 - 12:24:57.0    56      3 3C391 C2                  9750  [0]  [10] 
2015-05-11 21:49:09	INFO	listobs::ms::summary+	              12:24:51.5 - 12:29:46.5    57      4 3C391 C3                  9750  [0]  [10] 
2015-05-11 21:49:09	INFO	listobs::ms::summary+	              12:29:41.5 - 12:34:36.5    58      5 3C391 C4                  9725  [0]  [10] 
2015-05-11 21:49:09	INFO	listobs::ms::summary+	              12:34:31.5 - 12:39:26.0    59      6 3C391 C5                  9725  [0]  [10] 
2015-05-11 21:49:09	INFO	listobs::ms::summary+	              12:39:19.5 - 12:44:15.5    60      7 3C391 C6                  9750  [0]  [10] 
2015-05-11 21:49:09	INFO	listobs::ms::summary+	              12:44:10.5 - 12:49:04.5    61      8 3C391 C7                  9750  [0]  [10] 
2015-05-11 21:49:09	INFO	listobs::ms::summary+	              12:49:34.9 - 12:50:53.0    62      1 J1822-0938                2600  [0]  [10] 
2015-05-11 21:49:09	INFO	listobs::ms::summary+	              12:51:24.0 - 12:56:12.5    63      2 3C391 C1                  9425  [0]  [10] 
2015-05-11 21:49:09	INFO	listobs::ms::summary+	              12:56:07.5 - 13:01:02.0    64      3 3C391 C2                  9000  [0]  [10] 
2015-05-11 21:49:09	INFO	listobs::ms::summary+	              13:00:57.0 - 13:05:51.5    65      4 3C391 C3                  9750  [0]  [10] 
2015-05-11 21:49:09	INFO	listobs::ms::summary+	              13:05:46.5 - 13:10:41.5    66      5 3C391 C4                  9750  [0]  [10] 
2015-05-11 21:49:09	INFO	listobs::ms::summary+	              13:10:36.5 - 13:15:31.0    67      6 3C391 C5                  9725  [0]  [10] 
2015-05-11 21:49:09	INFO	listobs::ms::summary+	              13:15:25.9 - 13:20:20.5    68      7 3C391 C6                  9750  [0]  [10] 
2015-05-11 21:49:09	INFO	listobs::ms::summary+	              13:20:15.5 - 13:25:10.0    69      8 3C391 C7                  9000  [0]  [10] 
2015-05-11 21:49:09	INFO	listobs::ms::summary+	              13:25:40.0 - 13:26:57.5    70      1 J1822-0938                2600  [0]  [10] 
2015-05-11 21:49:09	INFO	listobs::ms::summary+	              13:27:28.0 - 13:32:16.5    71      2 3C391 C1                  9425  [0]  [10] 
2015-05-11 21:49:09	INFO	listobs::ms::summary+	              13:32:10.5 - 13:37:06.0    72      3 3C391 C2                  9750  [0]  [10] 
2015-05-11 21:49:09	INFO	listobs::ms::summary+	              13:37:01.0 - 13:41:55.5    73      4 3C391 C3                  9750  [0]  [10] 
2015-05-11 21:49:09	INFO	listobs::ms::summary+	              13:41:50.5 - 13:46:45.5    74      5 3C391 C4                  9750  [0]  [10] 
2015-05-11 21:49:09	INFO	listobs::ms::summary+	              13:46:40.5 - 13:51:35.0    75      6 3C391 C5                  9725  [0]  [10] 
2015-05-11 21:49:09	INFO	listobs::ms::summary+	              13:51:30.0 - 13:56:24.5    76      7 3C391 C6                  9750  [0]  [10] 
2015-05-11 21:49:09	INFO	listobs::ms::summary+	              13:56:19.5 - 14:01:14.0    77      8 3C391 C7                  9750  [0]  [10] 
2015-05-11 21:49:09	INFO	listobs::ms::summary+	              14:01:44.0 - 14:03:01.5    78      1 J1822-0938                2024  [0]  [10] 
2015-05-11 21:49:09	INFO	listobs::ms::summary+	              14:03:33.0 - 14:08:21.0    79      2 3C391 C1                  8900  [0]  [10] 
2015-05-11 21:49:09	INFO	listobs::ms::summary+	              14:08:14.5 - 14:13:10.5    80      3 3C391 C2                  9750  [0]  [10] 
2015-05-11 21:49:09	INFO	listobs::ms::summary+	              14:13:05.3 - 14:18:00.5    81      4 3C391 C3                  9750  [0]  [10] 
2015-05-11 21:49:09	INFO	listobs::ms::summary+	              14:17:55.5 - 14:22:50.0    82      5 3C391 C4                  9350  [0]  [10] 
2015-05-11 21:49:09	INFO	listobs::ms::summary+	              14:22:45.0 - 14:27:39.5    83      6 3C391 C5                  9000  [0]  [10] 
2015-05-11 21:49:09	INFO	listobs::ms::summary+	              14:27:34.5 - 14:32:29.0    84      7 3C391 C6                  8595  [0]  [10] 
2015-05-11 21:49:09	INFO	listobs::ms::summary+	              14:32:24.0 - 14:37:18.5    85      8 3C391 C7                  7590  [0]  [10] 
2015-05-11 21:49:09	INFO	listobs::ms::summary+	              14:37:48.0 - 14:39:05.5    86      1 J1822-0938                1848  [0]  [10] 
2015-05-11 21:49:09	INFO	listobs::ms::summary+	              14:39:36.0 - 14:44:24.5    87      2 3C391 C1                  7337  [0]  [10] 
2015-05-11 21:49:09	INFO	listobs::ms::summary+	              14:44:18.5 - 14:49:14.0    88      3 3C391 C2                  7568  [0]  [10] 
2015-05-11 21:49:09	INFO	listobs::ms::summary+	              14:49:09.0 - 14:54:04.0    89      4 3C391 C3                  7590  [0]  [10] 
2015-05-11 21:49:09	INFO	listobs::ms::summary+	              14:53:59.0 - 14:58:54.5    90      5 3C391 C4                  7527  [0]  [10] 
2015-05-11 21:49:09	INFO	listobs::ms::summary+	              14:58:48.5 - 15:03:43.0    91      6 3C391 C5                  7568  [0]  [10] 
2015-05-11 21:49:09	INFO	listobs::ms::summary+	              15:03:38.0 - 15:08:32.5    92      7 3C391 C6                  7590  [0]  [10] 
2015-05-11 21:49:09	INFO	listobs::ms::summary+	              15:08:27.5 - 15:13:22.0    93      8 3C391 C7                  7590  [0]  [10] 
2015-05-11 21:49:09	INFO	listobs::ms::summary+	              15:13:51.0 - 15:15:09.0    94      1 J1822-0938                1680  [0]  [10] 
2015-05-11 21:49:09	INFO	listobs::ms::summary+	              15:15:40.0 - 15:20:28.5    95      2 3C391 C1                  7337  [0]  [10] 
2015-05-11 21:49:09	INFO	listobs::ms::summary+	              15:20:22.5 - 15:25:18.0    96      3 3C391 C2                  7568  [0]  [10] 
2015-05-11 21:49:09	INFO	listobs::ms::summary+	              15:25:12.0 - 15:30:08.0    97      4 3C391 C3                  7590  [0]  [10] 
2015-05-11 21:49:09	INFO	listobs::ms::summary+	              15:30:01.5 - 15:34:57.5    98      5 3C391 C4                  7564  [0]  [10] 
2015-05-11 21:49:09	INFO	listobs::ms::summary+	              15:34:52.5 - 15:39:47.0    99      6 3C391 C5                  7260  [0]  [10] 
2015-05-11 21:49:09	INFO	listobs::ms::summary+	              15:39:42.0 - 15:44:36.5   100      7 3C391 C6                  6930  [0]  [10] 
2015-05-11 21:49:09	INFO	listobs::ms::summary+	              15:44:31.5 - 15:49:26.0   101      8 3C391 C7                  6930  [0]  [10] 
2015-05-11 21:49:09	INFO	listobs::ms::summary+	              15:49:55.0 - 15:51:13.5   102      1 J1822-0938                1088  [0]  [10] 
2015-05-11 21:49:09	INFO	listobs::ms::summary+	              15:54:52.0 - 16:00:11.5   103      9 J0319+4130                8768  [0]  [10] 
2015-05-11 21:49:09	INFO	listobs::ms::summary	           (nRows = Total number of rows per scan) 
2015-05-11 21:49:09	INFO	listobs::ms::summary	Fields: 10
2015-05-11 21:49:09	INFO	listobs::ms::summary+	  ID   Code Name                RA               Decl           Epoch   SrcId      nRows
2015-05-11 21:49:09	INFO	listobs::ms::summary+	  0    N    J1331+3030          13:31:08.287984 +30.30.32.95886 J2000   0          31964
2015-05-11 21:49:09	INFO	listobs::ms::summary+	  1    J    J1822-0938          18:22:28.704200 -09.38.56.83501 J2000   1          39733
2015-05-11 21:49:09	INFO	listobs::ms::summary+	  2    NONE 3C391 C1            18:49:24.244000 -00.55.40.58001 J2000   2         105580
2015-05-11 21:49:09	INFO	listobs::ms::summary+	  3    NONE 3C391 C2            18:49:29.149001 -00.57.48.00001 J2000   3         110533
2015-05-11 21:49:09	INFO	listobs::ms::summary+	  4    NONE 3C391 C3            18:49:19.339000 -00.57.48.00001 J2000   4         110331
2015-05-11 21:49:09	INFO	listobs::ms::summary+	  5    NONE 3C391 C4            18:49:14.434001 -00.55.40.58001 J2000   5         110862
2015-05-11 21:49:09	INFO	listobs::ms::summary+	  6    NONE 3C391 C5            18:49:19.339000 -00.53.33.16000 J2000   6         110546
2015-05-11 21:49:09	INFO	listobs::ms::summary+	  7    NONE 3C391 C6            18:49:29.149001 -00.53.33.16000 J2000   7         109884
2015-05-11 21:49:09	INFO	listobs::ms::summary+	  8    NONE 3C391 C7            18:49:34.054000 -00.55.40.58001 J2000   8         107178
2015-05-11 21:49:09	INFO	listobs::ms::summary+	  9    Z    J0319+4130          03:19:48.160102 +41.30.42.10305 J2000   9           8768
2015-05-11 21:49:09	INFO	listobs::ms::summary	Spectral Windows:  (1 unique spectral windows and 1 unique polarization setups)
2015-05-11 21:49:09	INFO	listobs::ms::summary+	  SpwID  Name      #Chans   Frame   Ch0(MHz)  ChanWid(kHz)  TotBW(kHz)  Corrs          
2015-05-11 21:49:09	INFO	listobs::ms::summary+	  0      Subband:0     64   TOPO    4536.000      2000.000    128000.0  RR  RL  LR  LL
2015-05-11 21:49:09	INFO	listobs::ms::summary	Sources: 10
2015-05-11 21:49:09	INFO	listobs::ms::summary+	  ID   Name                SpwId RestFreq(MHz)  SysVel(km/s) 
2015-05-11 21:49:09	INFO	listobs::ms::summary+	  0    J1331+3030          0     -              -            
2015-05-11 21:49:09	INFO	listobs::ms::summary+	  1    J1822-0938          0     -              -            
2015-05-11 21:49:09	INFO	listobs::ms::summary+	  2    3C391 C1            0     -              -            
2015-05-11 21:49:09	INFO	listobs::ms::summary+	  3    3C391 C2            0     -              -            
2015-05-11 21:49:09	INFO	listobs::ms::summary+	  4    3C391 C3            0     -              -            
2015-05-11 21:49:09	INFO	listobs::ms::summary+	  5    3C391 C4            0     -              -            
2015-05-11 21:49:09	INFO	listobs::ms::summary+	  6    3C391 C5            0     -              -            
2015-05-11 21:49:09	INFO	listobs::ms::summary+	  7    3C391 C6            0     -              -            
2015-05-11 21:49:09	INFO	listobs::ms::summary+	  8    3C391 C7            0     -              -            
2015-05-11 21:49:09	INFO	listobs::ms::summary+	  9    J0319+4130          0     -              -            
2015-05-11 21:49:09	INFO	listobs::ms::summary	Antennas: 26:
2015-05-11 21:49:09	INFO	listobs::ms::summary+	  ID   Name  Station   Diam.    Long.         Lat.                Offset from array center (m)                ITRF Geocentric coordinates (m)        
2015-05-11 21:49:09	INFO	listobs::ms::summary+	                                                                     East         North     Elevation               x               y               z
2015-05-11 21:49:09	INFO	listobs::ms::summary+	  0    ea01  W09       25.0 m   -107.37.25.2  +33.53.51.0       -521.9407     -332.7782       -1.1977 -1601710.017000 -5042006.928200  3554602.355600
2015-05-11 21:49:09	INFO	listobs::ms::summary+	  1    ea02  E02       25.0 m   -107.37.04.4  +33.54.01.1          9.8247      -20.4292       -2.7808 -1601150.059500 -5042000.619800  3554860.729400
2015-05-11 21:49:09	INFO	listobs::ms::summary+	  2    ea03  E09       25.0 m   -107.36.45.1  +33.53.53.6        506.0591     -251.8666       -3.5832 -1600715.948000 -5042273.187000  3554668.184500
2015-05-11 21:49:09	INFO	listobs::ms::summary+	  3    ea04  W01       25.0 m   -107.37.05.9  +33.54.00.5        -27.3562      -41.3030       -2.7418 -1601189.030140 -5042000.493300  3554843.425700
2015-05-11 21:49:09	INFO	listobs::ms::summary+	  4    ea05  W08       25.0 m   -107.37.21.6  +33.53.53.0       -432.1158     -272.1493       -1.5032 -1601614.091000 -5042001.655700  3554652.509300
2015-05-11 21:49:09	INFO	listobs::ms::summary+	  5    ea07  N06       25.0 m   -107.37.06.9  +33.54.10.3        -54.0667      263.8720       -4.2292 -1601162.593200 -5041829.000000  3555095.890500
2015-05-11 21:49:09	INFO	listobs::ms::summary+	  6    ea08  N01       25.0 m   -107.37.06.0  +33.54.01.8        -30.8810       -1.4664       -2.8597 -1601185.634945 -5041978.156586  3554876.424700
2015-05-11 21:49:09	INFO	listobs::ms::summary+	  7    ea09  E06       25.0 m   -107.36.55.6  +33.53.57.7        236.9058     -126.3369       -2.4443 -1600951.588000 -5042125.911000  3554773.012300
2015-05-11 21:49:09	INFO	listobs::ms::summary+	  8    ea11  E04       25.0 m   -107.37.00.8  +33.53.59.7        102.8046      -63.7684       -2.6412 -1601068.791200 -5042051.910200  3554824.835300
2015-05-11 21:49:09	INFO	listobs::ms::summary+	  9    ea12  E08       25.0 m   -107.36.48.9  +33.53.55.1        407.8394     -206.0057       -3.2252 -1600801.916000 -5042219.371000  3554706.449900
2015-05-11 21:49:09	INFO	listobs::ms::summary+	  10   ea13  N07       25.0 m   -107.37.07.2  +33.54.12.9        -61.1040      344.2335       -4.6144 -1601155.635800 -5041783.843000  3555162.374100
2015-05-11 21:49:09	INFO	listobs::ms::summary+	  11   ea14  E05       25.0 m   -107.36.58.4  +33.53.58.8        164.9788      -92.8032       -2.5268 -1601014.462000 -5042086.252000  3554800.799800
2015-05-11 21:49:09	INFO	listobs::ms::summary+	  12   ea15  W06       25.0 m   -107.37.15.6  +33.53.56.4       -275.8288     -166.7451       -2.0590 -1601447.198000 -5041992.502500  3554739.687600
2015-05-11 21:49:09	INFO	listobs::ms::summary+	  13   ea16  W02       25.0 m   -107.37.07.5  +33.54.00.9        -67.9687      -26.5614       -2.7175 -1601225.255200 -5041980.383590  3554855.675000
2015-05-11 21:49:09	INFO	listobs::ms::summary+	  14   ea17  W07       25.0 m   -107.37.18.4  +33.53.54.8       -349.9866     -216.7507       -1.7978 -1601526.386100 -5041996.840100  3554698.327400
2015-05-11 21:49:09	INFO	listobs::ms::summary+	  15   ea18  N09       25.0 m   -107.37.07.8  +33.54.19.0        -77.4352      530.6274       -5.5867 -1601139.485500 -5041679.036000  3555316.532800
2015-05-11 21:49:09	INFO	listobs::ms::summary+	  16   ea19  W04       25.0 m   -107.37.10.8  +33.53.59.1       -152.8599      -83.8054       -2.4614 -1601315.893000 -5041985.320170  3554808.304600
2015-05-11 21:49:09	INFO	listobs::ms::summary+	  17   ea20  N05       25.0 m   -107.37.06.7  +33.54.08.0        -47.8454      192.6015       -3.8723 -1601168.786100 -5041869.054000  3555036.936000
2015-05-11 21:49:09	INFO	listobs::ms::summary+	  18   ea21  E01       25.0 m   -107.37.05.7  +33.53.59.2        -23.8638      -81.1510       -2.5851 -1601192.467800 -5042022.856800  3554810.438800
2015-05-11 21:49:09	INFO	listobs::ms::summary+	  19   ea22  N04       25.0 m   -107.37.06.5  +33.54.06.1        -42.5986      132.8623       -3.5431 -1601173.953700 -5041902.660400  3554987.536500
2015-05-11 21:49:09	INFO	listobs::ms::summary+	  20   ea23  E07       25.0 m   -107.36.52.4  +33.53.56.5        318.0523     -164.1848       -2.6960 -1600880.570000 -5042170.388000  3554741.457400
2015-05-11 21:49:09	INFO	listobs::ms::summary+	  21   ea24  W05       25.0 m   -107.37.13.0  +33.53.57.8       -210.0944     -122.3885       -2.2581 -1601377.008000 -5041988.665500  3554776.393400
2015-05-11 21:49:09	INFO	listobs::ms::summary+	  22   ea25  N02       25.0 m   -107.37.06.2  +33.54.03.5        -35.6245       53.1806       -3.1345 -1601180.861480 -5041947.453400  3554921.628700
2015-05-11 21:49:09	INFO	listobs::ms::summary+	  23   ea26  W03       25.0 m   -107.37.08.9  +33.54.00.1       -105.3429      -51.7191       -2.6054 -1601265.151700 -5041982.533050  3554834.856300
2015-05-11 21:49:09	INFO	listobs::ms::summary+	  24   ea27  E03       25.0 m   -107.37.02.8  +33.54.00.5         50.6647      -39.4832       -2.7249 -1601114.365500 -5042023.153700  3554844.945600
2015-05-11 21:49:09	INFO	listobs::ms::summary+	  25   ea28  N08       25.0 m   -107.37.07.5  +33.54.15.8        -68.9057      433.1889       -5.0602 -1601147.940400 -5041733.837000  3555235.956000
2015-05-11 21:49:09	INFO	listobs::::casa	##### End Task: listobs              #####
2015-05-11 21:49:09	INFO	listobs::::casa+	##########################################
2015-05-11 21:49:17	INFO	fluxscale::::casa	
2015-05-11 21:49:17	INFO	fluxscale::::casa+	##########################################
2015-05-11 21:49:17	INFO	fluxscale::::casa+	##### Begin Task: fluxscale          #####
2015-05-11 21:49:17	INFO	fluxscale::::casa	fluxscale(vis="3c391_ctm_mosaic_10s_spw0.ms",caltable="3c391_ctm_mosaic_10s_spw0.G1",fluxtable="3c391_ctm_mosaic_10s_spw0.fluxscale1",reference=['J1331+3030'],
2015-05-11 21:49:17	INFO	fluxscale::::casa+	        transfer=['J1822-0938, J0319+4130'],listfile="",append=False,refspwmap=[-1],incremental=False,
2015-05-11 21:49:17	INFO	fluxscale::::casa+	        fitorder=1)
2015-05-11 21:49:17	INFO	fluxscale::calibrater::open	Opening MS: 3c391_ctm_mosaic_10s_spw0.ms for calibration.
2015-05-11 21:49:17	INFO	fluxscale::Calibrater::	Initializing nominal selection to the whole MS.
2015-05-11 21:49:17	INFO	fluxscale::calibrater::fluxscale	Beginning fluxscale--(MSSelection version)-------
2015-05-11 21:49:17	INFO	fluxscale::::	 Found reference field(s): J1331+3030
2015-05-11 21:49:17	INFO	fluxscale::::	 Found transfer field(s):  J1822-0938 J0319+4130
2015-05-11 21:49:18	INFO	fluxscale::::	 Flux density for J1822-0938 in SpW=0 (freq=4.536e+09 Hz) is: 2.34094 +/- 0.00625394 (SNR = 374.314, N = 42)
2015-05-11 21:49:18	INFO	fluxscale::::	 Flux density for J0319+4130 in SpW=0 (freq=4.536e+09 Hz) is: 13.9306 +/- 0.0331459 (SNR = 420.281, N = 42)
2015-05-11 21:49:18	INFO	fluxscale::Calibrater::fluxscale	Storing result in 3c391_ctm_mosaic_10s_spw0.fluxscale1
2015-05-11 21:49:18	INFO	fluxscale::::	Writing solutions to table: 3c391_ctm_mosaic_10s_spw0.fluxscale1
2015-05-11 21:49:18	INFO	fluxscale::::casa	##### End Task: fluxscale            #####
2015-05-11 21:49:18	INFO	fluxscale::::casa+	##########################################
2015-05-11 22:20:05	INFO	plotcal::::casa	
2015-05-11 22:20:05	INFO	plotcal::::casa+	##########################################
2015-05-11 22:20:05	INFO	plotcal::::casa+	##### Begin Task: plotcal            #####
2015-05-11 22:20:05	INFO	plotcal::::casa	plotcal(caltable="3c391_ctm_mosaic_10s_spw0.fluxscale1",xaxis="time",yaxis="amp",poln="R",
2015-05-11 22:20:05	INFO	plotcal::::casa+	        field="",antenna="",spw="",timerange="",subplot=111,
2015-05-11 22:20:05	INFO	plotcal::::casa+	        overplot=False,clearpanel="Auto",iteration="",plotrange=[],showflags=False,
2015-05-11 22:20:05	INFO	plotcal::::casa+	        plotsymbol="o",plotcolor="blue",markersize=5.0,fontsize=10.0,showgui=True,
2015-05-11 22:20:05	INFO	plotcal::::casa+	        figfile="part4-subG-question5_amp_pol-R.png")
2015-05-11 22:20:05	INFO	tableplot::setgui	Switching to GUI mode. All current plots  will be reset.
2015-05-11 22:20:07	INFO	plotcal::createCalTab 	Detected a NewCalTable!
2015-05-11 22:20:08	INFO		Now get the data
2015-05-11 22:20:08	INFO		Done Processing data ... 
2015-05-11 22:20:09	INFO		Saving plot to file part4-subG-question5_amp_pol-R.png
2015-05-11 22:20:09	INFO	plotcal::::casa	##### End Task: plotcal              #####
2015-05-11 22:20:09	INFO	plotcal::::casa+	##########################################
2015-05-11 22:21:18	INFO	plotcal::::casa	
2015-05-11 22:21:18	INFO	plotcal::::casa+	##########################################
2015-05-11 22:21:18	INFO	plotcal::::casa+	##### Begin Task: plotcal            #####
2015-05-11 22:21:18	INFO	plotcal::::casa	plotcal(caltable="3c391_ctm_mosaic_10s_spw0.fluxscale1",xaxis="time",yaxis="amp",poln="L",
2015-05-11 22:21:18	INFO	plotcal::::casa+	        field="",antenna="",spw="",timerange="",subplot=111,
2015-05-11 22:21:18	INFO	plotcal::::casa+	        overplot=False,clearpanel="Auto",iteration="",plotrange=[],showflags=False,
2015-05-11 22:21:18	INFO	plotcal::::casa+	        plotsymbol="o",plotcolor="blue",markersize=5.0,fontsize=10.0,showgui=True,
2015-05-11 22:21:18	INFO	plotcal::::casa+	        figfile="part4-subG-question5_amp_pol-L.png")
2015-05-11 22:21:18	INFO	tableplot::setgui	Switching to GUI mode. All current plots  will be reset.
2015-05-11 22:21:18	INFO	plotcal::createCalTab 	Detected a NewCalTable!
2015-05-11 22:21:26	INFO		Now get the data
2015-05-11 22:21:26	INFO		Done Processing data ... 
2015-05-11 22:21:28	INFO		Saving plot to file part4-subG-question5_amp_pol-L.png
2015-05-11 22:21:29	INFO	plotcal::::casa	##### End Task: plotcal              #####
2015-05-11 22:21:29	INFO	plotcal::::casa+	##########################################
2015-05-11 22:26:53	INFO	applycal::::casa	
2015-05-11 22:26:53	INFO	applycal::::casa+	##########################################
2015-05-11 22:26:53	INFO	applycal::::casa+	##### Begin Task: applycal           #####
2015-05-11 22:26:53	INFO	applycal::::casa	applycal(vis="3c391_ctm_mosaic_10s_spw0.ms",field="J1331+3030",spw="",intent="",
2015-05-11 22:26:53	INFO	applycal::::casa+	        selectdata=True,timerange="",uvrange="",antenna="",scan="",
2015-05-11 22:26:53	INFO	applycal::::casa+	        observation="",msselect="",docallib=False,callib="",gaintable=['3c391_ctm_mosaic_10s_spw0.antpos', '3c391_ctm_mosaic_10s_spw0.fluxscale1', '3c391_ctm_mosaic_10s_spw0.K0', '3c391_ctm_mosaic_10s_spw0.B0'],
2015-05-11 22:26:53	INFO	applycal::::casa+	        gainfield=['', 'J1331+3030', '', '', '', '', ''],interp=['', 'nearest', '', '', '', '', ''],spwmap=[],calwt=[False],parang=True,
2015-05-11 22:26:53	INFO	applycal::::casa+	        applymode="",flagbackup=True)
2015-05-11 22:26:53	INFO	applycal::calibrater::open	Opening MS: 3c391_ctm_mosaic_10s_spw0.ms for calibration.
2015-05-11 22:26:53	INFO	applycal::Calibrater::	Initializing nominal selection to the whole MS.
2015-05-11 22:26:53	INFO	applycal::AgentFlagger::open	Table type is Measurement Set
2015-05-11 22:26:53	INFO	applycal::::	Creating new backup flag file called before_applycal_1
2015-05-11 22:26:55	INFO	applycal::calibrater::setdata	Beginning selectvis--(MSSelection version)-------
2015-05-11 22:26:55	INFO	applycal::calibrater::reset	Reseting solve/apply state
2015-05-11 22:26:55	INFO	applycal::Calibrater::selectvis	Performing selection on MeasurementSet
2015-05-11 22:26:55	INFO	applycal::Calibrater::selectvis+	 Selecting on field: 'J1331+3030'
2015-05-11 22:26:55	INFO	applycal::Calibrater::selectvis	By selection 845379 rows are reduced to 31964
2015-05-11 22:26:55	INFO	applycal::Calibrater::selectvis	Frequency selection: Selecting all channels in all spws.
2015-05-11 22:26:55	INFO	applycal::calibrater::setapply	Beginning setapply--(MSSelection version)-------
2015-05-11 22:26:55	INFO	applycal::Calibrater::setapply(type, applypar)	Arranging to APPLY:
2015-05-11 22:26:55	INFO	applycal::::	 (KAntPos Jones: Overriding with spwmap=[0] since KAntPos Jones is not spw-dependent)
2015-05-11 22:26:56	INFO	applycal::Calibrater::setapply(type, applypar)	.   KAntPos Jones: table=3c391_ctm_mosaic_10s_spw0.antpos select= interp=linear spwmap=[0] calWt=false
2015-05-11 22:26:56	INFO	applycal::calibrater::setapply	Beginning setapply--(MSSelection version)-------
2015-05-11 22:26:56	INFO	applycal::Calibrater::setapply(type, applypar)	Arranging to APPLY:
2015-05-11 22:26:56	INFO	applycal::Calibrater::setapply(type, applypar)	.   G Jones: table=3c391_ctm_mosaic_10s_spw0.fluxscale1 select= interp=nearest spwmap=[-1] calWt=false
2015-05-11 22:26:56	INFO	applycal::calibrater::setapply	Beginning setapply--(MSSelection version)-------
2015-05-11 22:26:56	INFO	applycal::Calibrater::setapply(type, applypar)	Arranging to APPLY:
2015-05-11 22:26:56	INFO	applycal::Calibrater::setapply(type, applypar)	.   K Jones: table=3c391_ctm_mosaic_10s_spw0.K0 select= interp=linear spwmap=[-1] calWt=false
2015-05-11 22:26:56	INFO	applycal::calibrater::setapply	Beginning setapply--(MSSelection version)-------
2015-05-11 22:26:56	INFO	applycal::Calibrater::setapply(type, applypar)	Arranging to APPLY:
2015-05-11 22:26:56	INFO	applycal::Calibrater::setapply(type, applypar)	.   B Jones: table=3c391_ctm_mosaic_10s_spw0.B0 select= interp=linear, spwmap=[-1] calWt=false
2015-05-11 22:26:56	INFO	applycal::calibrater::setapply	Beginning setapply--(MSSelection version)-------
2015-05-11 22:26:56	INFO	applycal::Calibrater::setapply(type, applypar)	Arranging to APPLY:
2015-05-11 22:26:56	INFO	applycal::Calibrater::setapply(type, applypar)	.   P Jones <pre-computed>
2015-05-11 22:26:56	INFO	applycal::calibrater::correct	Beginning correct---------------------------
2015-05-11 22:26:56	INFO	applycal::Calibrater::correct	The following calibration terms are arranged for apply:
2015-05-11 22:26:56	INFO	applycal::Calibrater::correct	.   KAntPos Jones: table=3c391_ctm_mosaic_10s_spw0.antpos select= interp=linear spwmap=[0] calWt=false
2015-05-11 22:26:56	INFO	applycal::Calibrater::correct	.   K Jones: table=3c391_ctm_mosaic_10s_spw0.K0 select= interp=linear spwmap=[-1] calWt=false
2015-05-11 22:26:56	INFO	applycal::Calibrater::correct	.   B Jones: table=3c391_ctm_mosaic_10s_spw0.B0 select= interp=linear, spwmap=[-1] calWt=false
2015-05-11 22:26:56	INFO	applycal::Calibrater::correct	.   G Jones: table=3c391_ctm_mosaic_10s_spw0.fluxscale1 select= interp=nearest spwmap=[-1] calWt=false
2015-05-11 22:26:56	INFO	applycal::Calibrater::correct	.   P Jones <pre-computed>
2015-05-11 22:26:56	SEVERE	applycal::MeasTable::dUTC(Double) (file /var/rpmbuild/BUILD/casapy421/casapy421-42.1.29047/casacore/measures/Measures/MeasTable.cc, line 6657)	Leap second table TAI_UTC seems out-of-date. 
2015-05-11 22:26:56	SEVERE	applycal::MeasTable::dUTC(Double) (file /var/rpmbuild/BUILD/casapy421/casapy421-42.1.29047/casacore/measures/Measures/MeasTable.cc, line 6657)+	Until table is updated (see aips++ manager) times and coordinates
2015-05-11 22:26:56	SEVERE	applycal::MeasTable::dUTC(Double) (file /var/rpmbuild/BUILD/casapy421/casapy421-42.1.29047/casacore/measures/Measures/MeasTable.cc, line 6657)+	derived from UTC could be wrong by 1s or more.
2015-05-11 22:26:59	INFO	applycal::calibrater::correct	Finished correcting.
2015-05-11 22:26:59	INFO	applycal::::casa	Calibration apply flagging statistics:
2015-05-11 22:26:59	INFO	applycal::::casa	  Total selected visibilities = 8182784
2015-05-11 22:26:59	INFO	applycal::::casa	  Flags:
2015-05-11 22:26:59	INFO	applycal::::casa	   KAntPos Jones: In: 3209984 (39.2285070705%) --> Out: 3209984 (39.2285070705%) (3c391_ctm_mosaic_10s_spw0.antpos)
2015-05-11 22:26:59	INFO	applycal::::casa	   K Jones: In: 3209984 (39.2285070705%) --> Out: 3209984 (39.2285070705%) (3c391_ctm_mosaic_10s_spw0.K0)
2015-05-11 22:26:59	INFO	applycal::::casa	   B Jones: In: 3209984 (39.2285070705%) --> Out: 3209984 (39.2285070705%) (3c391_ctm_mosaic_10s_spw0.B0)
2015-05-11 22:26:59	INFO	applycal::::casa	   G Jones: In: 3209984 (39.2285070705%) --> Out: 3209984 (39.2285070705%) (3c391_ctm_mosaic_10s_spw0.fluxscale1)
2015-05-11 22:26:59	INFO	applycal::::casa	   P Jones: In: 3209984 (39.2285070705%) --> Out: 3209984 (39.2285070705%)
2015-05-11 22:27:00	INFO	applycal::::casa	##### End Task: applycal             #####
2015-05-11 22:27:00	INFO	applycal::::casa+	##########################################
2015-05-11 22:32:58	INFO	applycal::::casa	
2015-05-11 22:32:58	INFO	applycal::::casa+	##########################################
2015-05-11 22:32:58	INFO	applycal::::casa+	##### Begin Task: applycal           #####
2015-05-11 22:32:58	INFO	applycal::::casa	applycal(vis="3c391_ctm_mosaic_10s_spw0.ms",field="J0319+4130",spw="",intent="",
2015-05-11 22:32:58	INFO	applycal::::casa+	        selectdata=True,timerange="",uvrange="",antenna="",scan="",
2015-05-11 22:32:58	INFO	applycal::::casa+	        observation="",msselect="",docallib=False,callib="",gaintable=['3c391_ctm_mosaic_10s_spw0.antpos', '3c391_ctm_mosaic_10s_spw0.fluxscale1', '3c391_ctm_mosaic_10s_spw0.K0', '3c391_ctm_mosaic_10s_spw0.B0'],
2015-05-11 22:32:58	INFO	applycal::::casa+	        gainfield=['', 'J0319+4130', '', '', '', '', ''],interp=['', 'nearest', '', '', '', '', ''],spwmap=[],calwt=[False],parang=True,
2015-05-11 22:32:58	INFO	applycal::::casa+	        applymode="",flagbackup=True)
2015-05-11 22:32:58	INFO	applycal::calibrater::open	Opening MS: 3c391_ctm_mosaic_10s_spw0.ms for calibration.
2015-05-11 22:32:58	INFO	applycal::Calibrater::	Initializing nominal selection to the whole MS.
2015-05-11 22:32:59	INFO	applycal::AgentFlagger::open	Table type is Measurement Set
2015-05-11 22:32:59	INFO	applycal::::	Creating new backup flag file called before_applycal_2
2015-05-11 22:33:01	INFO	applycal::calibrater::setdata	Beginning selectvis--(MSSelection version)-------
2015-05-11 22:33:01	INFO	applycal::calibrater::reset	Reseting solve/apply state
2015-05-11 22:33:01	INFO	applycal::Calibrater::selectvis	Performing selection on MeasurementSet
2015-05-11 22:33:01	INFO	applycal::Calibrater::selectvis+	 Selecting on field: 'J0319+4130'
2015-05-11 22:33:01	INFO	applycal::Calibrater::selectvis	By selection 845379 rows are reduced to 8768
2015-05-11 22:33:01	INFO	applycal::Calibrater::selectvis	Frequency selection: Selecting all channels in all spws.
2015-05-11 22:33:01	INFO	applycal::calibrater::setapply	Beginning setapply--(MSSelection version)-------
2015-05-11 22:33:01	INFO	applycal::Calibrater::setapply(type, applypar)	Arranging to APPLY:
2015-05-11 22:33:01	INFO	applycal::::	 (KAntPos Jones: Overriding with spwmap=[0] since KAntPos Jones is not spw-dependent)
2015-05-11 22:33:02	INFO	applycal::Calibrater::setapply(type, applypar)	.   KAntPos Jones: table=3c391_ctm_mosaic_10s_spw0.antpos select= interp=linear spwmap=[0] calWt=false
2015-05-11 22:33:02	INFO	applycal::calibrater::setapply	Beginning setapply--(MSSelection version)-------
2015-05-11 22:33:02	INFO	applycal::Calibrater::setapply(type, applypar)	Arranging to APPLY:
2015-05-11 22:33:02	INFO	applycal::Calibrater::setapply(type, applypar)	.   G Jones: table=3c391_ctm_mosaic_10s_spw0.fluxscale1 select= interp=nearest spwmap=[-1] calWt=false
2015-05-11 22:33:02	INFO	applycal::calibrater::setapply	Beginning setapply--(MSSelection version)-------
2015-05-11 22:33:02	INFO	applycal::Calibrater::setapply(type, applypar)	Arranging to APPLY:
2015-05-11 22:33:02	INFO	applycal::Calibrater::setapply(type, applypar)	.   K Jones: table=3c391_ctm_mosaic_10s_spw0.K0 select= interp=linear spwmap=[-1] calWt=false
2015-05-11 22:33:02	INFO	applycal::calibrater::setapply	Beginning setapply--(MSSelection version)-------
2015-05-11 22:33:02	INFO	applycal::Calibrater::setapply(type, applypar)	Arranging to APPLY:
2015-05-11 22:33:02	INFO	applycal::Calibrater::setapply(type, applypar)	.   B Jones: table=3c391_ctm_mosaic_10s_spw0.B0 select= interp=linear, spwmap=[-1] calWt=false
2015-05-11 22:33:02	INFO	applycal::calibrater::setapply	Beginning setapply--(MSSelection version)-------
2015-05-11 22:33:02	INFO	applycal::Calibrater::setapply(type, applypar)	Arranging to APPLY:
2015-05-11 22:33:02	INFO	applycal::Calibrater::setapply(type, applypar)	.   P Jones <pre-computed>
2015-05-11 22:33:02	INFO	applycal::calibrater::correct	Beginning correct---------------------------
2015-05-11 22:33:02	INFO	applycal::Calibrater::correct	The following calibration terms are arranged for apply:
2015-05-11 22:33:02	INFO	applycal::Calibrater::correct	.   KAntPos Jones: table=3c391_ctm_mosaic_10s_spw0.antpos select= interp=linear spwmap=[0] calWt=false
2015-05-11 22:33:02	INFO	applycal::Calibrater::correct	.   K Jones: table=3c391_ctm_mosaic_10s_spw0.K0 select= interp=linear spwmap=[-1] calWt=false
2015-05-11 22:33:02	INFO	applycal::Calibrater::correct	.   B Jones: table=3c391_ctm_mosaic_10s_spw0.B0 select= interp=linear, spwmap=[-1] calWt=false
2015-05-11 22:33:02	INFO	applycal::Calibrater::correct	.   G Jones: table=3c391_ctm_mosaic_10s_spw0.fluxscale1 select= interp=nearest spwmap=[-1] calWt=false
2015-05-11 22:33:02	INFO	applycal::Calibrater::correct	.   P Jones <pre-computed>
2015-05-11 22:33:03	INFO	applycal::calibrater::correct	Finished correcting.
2015-05-11 22:33:03	INFO	applycal::::casa	Calibration apply flagging statistics:
2015-05-11 22:33:03	INFO	applycal::::casa	  Total selected visibilities = 2244608
2015-05-11 22:33:03	INFO	applycal::::casa	  Flags:
2015-05-11 22:33:03	INFO	applycal::::casa	   KAntPos Jones: In: 678912 (30.246350365%) --> Out: 678912 (30.246350365%) (3c391_ctm_mosaic_10s_spw0.antpos)
2015-05-11 22:33:03	INFO	applycal::::casa	   K Jones: In: 678912 (30.246350365%) --> Out: 678912 (30.246350365%) (3c391_ctm_mosaic_10s_spw0.K0)
2015-05-11 22:33:03	INFO	applycal::::casa	   B Jones: In: 678912 (30.246350365%) --> Out: 678912 (30.246350365%) (3c391_ctm_mosaic_10s_spw0.B0)
2015-05-11 22:33:03	INFO	applycal::::casa	   G Jones: In: 678912 (30.246350365%) --> Out: 678912 (30.246350365%) (3c391_ctm_mosaic_10s_spw0.fluxscale1)
2015-05-11 22:33:03	INFO	applycal::::casa	   P Jones: In: 678912 (30.246350365%) --> Out: 678912 (30.246350365%)
2015-05-11 22:33:03	INFO	applycal::::casa	##### End Task: applycal             #####
2015-05-11 22:33:03	INFO	applycal::::casa+	##########################################
2015-05-11 22:33:13	INFO	applycal::::casa	
2015-05-11 22:33:13	INFO	applycal::::casa+	##########################################
2015-05-11 22:33:13	INFO	applycal::::casa+	##### Begin Task: applycal           #####
2015-05-11 22:33:13	INFO	applycal::::casa	applycal(vis="3c391_ctm_mosaic_10s_spw0.ms",field="J1822-0938",spw="",intent="",
2015-05-11 22:33:13	INFO	applycal::::casa+	        selectdata=True,timerange="",uvrange="",antenna="",scan="",
2015-05-11 22:33:13	INFO	applycal::::casa+	        observation="",msselect="",docallib=False,callib="",gaintable=['3c391_ctm_mosaic_10s_spw0.antpos', '3c391_ctm_mosaic_10s_spw0.fluxscale1', '3c391_ctm_mosaic_10s_spw0.K0', '3c391_ctm_mosaic_10s_spw0.B0'],
2015-05-11 22:33:13	INFO	applycal::::casa+	        gainfield=['', 'J1822-0938', '', '', '', '', ''],interp=['', 'nearest', '', '', '', '', ''],spwmap=[],calwt=[False],parang=True,
2015-05-11 22:33:13	INFO	applycal::::casa+	        applymode="",flagbackup=True)
2015-05-11 22:33:14	INFO	applycal::calibrater::open	Opening MS: 3c391_ctm_mosaic_10s_spw0.ms for calibration.
2015-05-11 22:33:14	INFO	applycal::Calibrater::	Initializing nominal selection to the whole MS.
2015-05-11 22:33:14	INFO	applycal::AgentFlagger::open	Table type is Measurement Set
2015-05-11 22:33:14	INFO	applycal::::	Creating new backup flag file called before_applycal_3
2015-05-11 22:33:16	INFO	applycal::calibrater::setdata	Beginning selectvis--(MSSelection version)-------
2015-05-11 22:33:16	INFO	applycal::calibrater::reset	Reseting solve/apply state
2015-05-11 22:33:16	INFO	applycal::Calibrater::selectvis	Performing selection on MeasurementSet
2015-05-11 22:33:16	INFO	applycal::Calibrater::selectvis+	 Selecting on field: 'J1822-0938'
2015-05-11 22:33:16	INFO	applycal::Calibrater::selectvis	By selection 845379 rows are reduced to 39733
2015-05-11 22:33:16	INFO	applycal::Calibrater::selectvis	Frequency selection: Selecting all channels in all spws.
2015-05-11 22:33:16	INFO	applycal::calibrater::setapply	Beginning setapply--(MSSelection version)-------
2015-05-11 22:33:16	INFO	applycal::Calibrater::setapply(type, applypar)	Arranging to APPLY:
2015-05-11 22:33:16	INFO	applycal::::	 (KAntPos Jones: Overriding with spwmap=[0] since KAntPos Jones is not spw-dependent)
2015-05-11 22:33:16	INFO	applycal::Calibrater::setapply(type, applypar)	.   KAntPos Jones: table=3c391_ctm_mosaic_10s_spw0.antpos select= interp=linear spwmap=[0] calWt=false
2015-05-11 22:33:16	INFO	applycal::calibrater::setapply	Beginning setapply--(MSSelection version)-------
2015-05-11 22:33:16	INFO	applycal::Calibrater::setapply(type, applypar)	Arranging to APPLY:
2015-05-11 22:33:17	INFO	applycal::Calibrater::setapply(type, applypar)	.   G Jones: table=3c391_ctm_mosaic_10s_spw0.fluxscale1 select= interp=nearest spwmap=[-1] calWt=false
2015-05-11 22:33:17	INFO	applycal::calibrater::setapply	Beginning setapply--(MSSelection version)-------
2015-05-11 22:33:17	INFO	applycal::Calibrater::setapply(type, applypar)	Arranging to APPLY:
2015-05-11 22:33:17	INFO	applycal::Calibrater::setapply(type, applypar)	.   K Jones: table=3c391_ctm_mosaic_10s_spw0.K0 select= interp=linear spwmap=[-1] calWt=false
2015-05-11 22:33:17	INFO	applycal::calibrater::setapply	Beginning setapply--(MSSelection version)-------
2015-05-11 22:33:17	INFO	applycal::Calibrater::setapply(type, applypar)	Arranging to APPLY:
2015-05-11 22:33:17	INFO	applycal::Calibrater::setapply(type, applypar)	.   B Jones: table=3c391_ctm_mosaic_10s_spw0.B0 select= interp=linear, spwmap=[-1] calWt=false
2015-05-11 22:33:17	INFO	applycal::calibrater::setapply	Beginning setapply--(MSSelection version)-------
2015-05-11 22:33:17	INFO	applycal::Calibrater::setapply(type, applypar)	Arranging to APPLY:
2015-05-11 22:33:17	INFO	applycal::Calibrater::setapply(type, applypar)	.   P Jones <pre-computed>
2015-05-11 22:33:17	INFO	applycal::calibrater::correct	Beginning correct---------------------------
2015-05-11 22:33:17	INFO	applycal::Calibrater::correct	The following calibration terms are arranged for apply:
2015-05-11 22:33:17	INFO	applycal::Calibrater::correct	.   KAntPos Jones: table=3c391_ctm_mosaic_10s_spw0.antpos select= interp=linear spwmap=[0] calWt=false
2015-05-11 22:33:17	INFO	applycal::Calibrater::correct	.   K Jones: table=3c391_ctm_mosaic_10s_spw0.K0 select= interp=linear spwmap=[-1] calWt=false
2015-05-11 22:33:17	INFO	applycal::Calibrater::correct	.   B Jones: table=3c391_ctm_mosaic_10s_spw0.B0 select= interp=linear, spwmap=[-1] calWt=false
2015-05-11 22:33:17	INFO	applycal::Calibrater::correct	.   G Jones: table=3c391_ctm_mosaic_10s_spw0.fluxscale1 select= interp=nearest spwmap=[-1] calWt=false
2015-05-11 22:33:17	INFO	applycal::Calibrater::correct	.   P Jones <pre-computed>
2015-05-11 22:33:21	INFO	applycal::calibrater::correct	Finished correcting.
2015-05-11 22:33:21	INFO	applycal::::casa	Calibration apply flagging statistics:
2015-05-11 22:33:21	INFO	applycal::::casa	  Total selected visibilities = 10171648
2015-05-11 22:33:21	INFO	applycal::::casa	  Flags:
2015-05-11 22:33:21	INFO	applycal::::casa	   KAntPos Jones: In: 4927232 (48.4408426245%) --> Out: 4927232 (48.4408426245%) (3c391_ctm_mosaic_10s_spw0.antpos)
2015-05-11 22:33:21	INFO	applycal::::casa	   K Jones: In: 4927232 (48.4408426245%) --> Out: 4927232 (48.4408426245%) (3c391_ctm_mosaic_10s_spw0.K0)
2015-05-11 22:33:21	INFO	applycal::::casa	   B Jones: In: 4927232 (48.4408426245%) --> Out: 4927232 (48.4408426245%) (3c391_ctm_mosaic_10s_spw0.B0)
2015-05-11 22:33:21	INFO	applycal::::casa	   G Jones: In: 4927232 (48.4408426245%) --> Out: 4927232 (48.4408426245%) (3c391_ctm_mosaic_10s_spw0.fluxscale1)
2015-05-11 22:33:21	INFO	applycal::::casa	   P Jones: In: 4927232 (48.4408426245%) --> Out: 4927232 (48.4408426245%)
2015-05-11 22:33:23	INFO	applycal::::casa	##### End Task: applycal             #####
2015-05-11 22:33:23	INFO	applycal::::casa+	##########################################
2015-05-11 22:38:15	INFO	applycal::::casa	
2015-05-11 22:38:15	INFO	applycal::::casa+	##########################################
2015-05-11 22:38:15	INFO	applycal::::casa+	##### Begin Task: applycal           #####
2015-05-11 22:38:15	INFO	applycal::::casa	applycal(vis="3c391_ctm_mosaic_10s_spw0.ms",field="2~8",spw="",intent="",
2015-05-11 22:38:15	INFO	applycal::::casa+	        selectdata=True,timerange="",uvrange="",antenna="",scan="",
2015-05-11 22:38:15	INFO	applycal::::casa+	        observation="",msselect="",docallib=False,callib="",gaintable=['3c391_ctm_mosaic_10s_spw0.antpos', '3c391_ctm_mosaic_10s_spw0.fluxscale1', '3c391_ctm_mosaic_10s_spw0.K0', '3c391_ctm_mosaic_10s_spw0.B0'],
2015-05-11 22:38:15	INFO	applycal::::casa+	        gainfield=['', 'J1822-0938', '', '', '', '', ''],interp=['', 'linear', '', '', '', '', ''],spwmap=[],calwt=[False],parang=True,
2015-05-11 22:38:15	INFO	applycal::::casa+	        applymode="",flagbackup=True)
2015-05-11 22:38:15	INFO	applycal::calibrater::open	Opening MS: 3c391_ctm_mosaic_10s_spw0.ms for calibration.
2015-05-11 22:38:15	INFO	applycal::Calibrater::	Initializing nominal selection to the whole MS.
2015-05-11 22:38:15	INFO	applycal::AgentFlagger::open	Table type is Measurement Set
2015-05-11 22:38:15	INFO	applycal::::	Creating new backup flag file called before_applycal_4
2015-05-11 22:38:18	INFO	applycal::calibrater::setdata	Beginning selectvis--(MSSelection version)-------
2015-05-11 22:38:18	INFO	applycal::calibrater::reset	Reseting solve/apply state
2015-05-11 22:38:18	INFO	applycal::Calibrater::selectvis	Performing selection on MeasurementSet
2015-05-11 22:38:18	INFO	applycal::Calibrater::selectvis+	 Selecting on field: '2~8'
2015-05-11 22:38:18	INFO	applycal::Calibrater::selectvis	By selection 845379 rows are reduced to 764914
2015-05-11 22:38:19	INFO	applycal::Calibrater::selectvis	Frequency selection: Selecting all channels in all spws.
2015-05-11 22:38:19	INFO	applycal::calibrater::setapply	Beginning setapply--(MSSelection version)-------
2015-05-11 22:38:19	INFO	applycal::Calibrater::setapply(type, applypar)	Arranging to APPLY:
2015-05-11 22:38:19	INFO	applycal::::	 (KAntPos Jones: Overriding with spwmap=[0] since KAntPos Jones is not spw-dependent)
2015-05-11 22:38:19	INFO	applycal::Calibrater::setapply(type, applypar)	.   KAntPos Jones: table=3c391_ctm_mosaic_10s_spw0.antpos select= interp=linear spwmap=[0] calWt=false
2015-05-11 22:38:19	INFO	applycal::calibrater::setapply	Beginning setapply--(MSSelection version)-------
2015-05-11 22:38:19	INFO	applycal::Calibrater::setapply(type, applypar)	Arranging to APPLY:
2015-05-11 22:38:19	INFO	applycal::Calibrater::setapply(type, applypar)	.   G Jones: table=3c391_ctm_mosaic_10s_spw0.fluxscale1 select= interp=linear spwmap=[-1] calWt=false
2015-05-11 22:38:19	INFO	applycal::calibrater::setapply	Beginning setapply--(MSSelection version)-------
2015-05-11 22:38:19	INFO	applycal::Calibrater::setapply(type, applypar)	Arranging to APPLY:
2015-05-11 22:38:19	INFO	applycal::Calibrater::setapply(type, applypar)	.   K Jones: table=3c391_ctm_mosaic_10s_spw0.K0 select= interp=linear spwmap=[-1] calWt=false
2015-05-11 22:38:19	INFO	applycal::calibrater::setapply	Beginning setapply--(MSSelection version)-------
2015-05-11 22:38:19	INFO	applycal::Calibrater::setapply(type, applypar)	Arranging to APPLY:
2015-05-11 22:38:20	INFO	applycal::Calibrater::setapply(type, applypar)	.   B Jones: table=3c391_ctm_mosaic_10s_spw0.B0 select= interp=linear, spwmap=[-1] calWt=false
2015-05-11 22:38:20	INFO	applycal::calibrater::setapply	Beginning setapply--(MSSelection version)-------
2015-05-11 22:38:20	INFO	applycal::Calibrater::setapply(type, applypar)	Arranging to APPLY:
2015-05-11 22:38:20	INFO	applycal::Calibrater::setapply(type, applypar)	.   P Jones <pre-computed>
2015-05-11 22:38:20	INFO	applycal::calibrater::correct	Beginning correct---------------------------
2015-05-11 22:38:20	INFO	applycal::Calibrater::correct	The following calibration terms are arranged for apply:
2015-05-11 22:38:20	INFO	applycal::Calibrater::correct	.   KAntPos Jones: table=3c391_ctm_mosaic_10s_spw0.antpos select= interp=linear spwmap=[0] calWt=false
2015-05-11 22:38:20	INFO	applycal::Calibrater::correct	.   K Jones: table=3c391_ctm_mosaic_10s_spw0.K0 select= interp=linear spwmap=[-1] calWt=false
2015-05-11 22:38:20	INFO	applycal::Calibrater::correct	.   B Jones: table=3c391_ctm_mosaic_10s_spw0.B0 select= interp=linear, spwmap=[-1] calWt=false
2015-05-11 22:38:20	INFO	applycal::Calibrater::correct	.   G Jones: table=3c391_ctm_mosaic_10s_spw0.fluxscale1 select= interp=linear spwmap=[-1] calWt=false
2015-05-11 22:38:20	INFO	applycal::Calibrater::correct	.   P Jones <pre-computed>
2015-05-11 22:39:43	INFO	applycal::calibrater::correct	Finished correcting.
2015-05-11 22:39:43	INFO	applycal::::casa	Calibration apply flagging statistics:
2015-05-11 22:39:43	INFO	applycal::::casa	  Total selected visibilities = 195817984
2015-05-11 22:39:43	INFO	applycal::::casa	  Flags:
2015-05-11 22:39:43	INFO	applycal::::casa	   KAntPos Jones: In: 79425536 (40.5608996567%) --> Out: 79425536 (40.5608996567%) (3c391_ctm_mosaic_10s_spw0.antpos)
2015-05-11 22:39:43	INFO	applycal::::casa	   K Jones: In: 79425536 (40.5608996567%) --> Out: 79425536 (40.5608996567%) (3c391_ctm_mosaic_10s_spw0.K0)
2015-05-11 22:39:43	INFO	applycal::::casa	   B Jones: In: 79425536 (40.5608996567%) --> Out: 79425536 (40.5608996567%) (3c391_ctm_mosaic_10s_spw0.B0)
2015-05-11 22:39:43	INFO	applycal::::casa	   G Jones: In: 79425536 (40.5608996567%) --> Out: 90522624 (46.2279419647%) (3c391_ctm_mosaic_10s_spw0.fluxscale1)
2015-05-11 22:39:43	INFO	applycal::::casa	   P Jones: In: 90522624 (46.2279419647%) --> Out: 90522624 (46.2279419647%)
2015-05-11 22:39:46	INFO	applycal::::casa	##### End Task: applycal             #####
2015-05-11 22:39:46	INFO	applycal::::casa+	##########################################
2015-05-11 22:46:53	INFO	plotms::::casa	
2015-05-11 22:46:53	INFO	plotms::::casa+	##########################################
2015-05-11 22:46:53	INFO	plotms::::casa+	##### Begin Task: plotms             #####
2015-05-11 22:46:53	INFO	plotms::::casa	plotms(vis="3c391_ctm_mosaic_10s_spw0.ms",xaxis="channel",xdatacolumn="",yaxis="amp",
2015-05-11 22:46:53	INFO	plotms::::casa+	        ydatacolumn="corrected",selectdata=True,field="0",spw="",timerange="08:02:00~08:17:00",
2015-05-11 22:46:53	INFO	plotms::::casa+	        uvrange="",antenna="",scan="",correlation="",array="",
2015-05-11 22:46:53	INFO	plotms::::casa+	        observation="",msselect="",averagedata=True,avgchannel="",avgtime="60s",
2015-05-11 22:46:53	INFO	plotms::::casa+	        avgscan=False,avgfield=False,avgbaseline=False,avgantenna=False,avgspw=False,
2015-05-11 22:46:53	INFO	plotms::::casa+	        scalar=False,transform=False,freqframe="",restfreq="",veldef="RADIO",
2015-05-11 22:46:53	INFO	plotms::::casa+	        shift=[0.0, 0.0],extendflag=False,extcorr=False,extchannel=False,iteraxis="",
2015-05-11 22:46:53	INFO	plotms::::casa+	        xselfscale=False,yselfscale=False,customsymbol=True,symbolshape="autoscaling",symbolsize=2,
2015-05-11 22:46:53	INFO	plotms::::casa+	        symbolcolor="0000ff",symbolfill="fill",symboloutline=False,coloraxis="",customflaggedsymbol=False,
2015-05-11 22:46:53	INFO	plotms::::casa+	        flaggedsymbolshape="nosymbol",flaggedsymbolsize=2,flaggedsymbolcolor="ff0000",flaggedsymbolfill="fill",flaggedsymboloutline=False,
2015-05-11 22:46:53	INFO	plotms::::casa+	        plotrange=[],title="",xlabel="",ylabel="",showmajorgrid=False,
2015-05-11 22:46:53	INFO	plotms::::casa+	        majorwidth=1,majorstyle="",majorcolor="B0B0B0",showminorgrid=False,minorwidth=1,
2015-05-11 22:46:53	INFO	plotms::::casa+	        minorstyle="",minorcolor="D0D0D0",plotfile="part4-subH-question3_fld0-corrected-amp.png",expformat="",highres=False,
2015-05-11 22:46:53	INFO	plotms::::casa+	        interactive=False,overwrite=False,showgui=True)
2015-05-11 22:46:55	INFO	PlotMS::params_changed	Updating: REDRAW, MSDATA, CACHE, AXES, CANVAS, DISPLAY, ITERATION, LOG, PLOTMS_OPTIONS.
2015-05-11 22:46:55	INFO	PlotMS::load_cache	Clearing the existing plotms cache.
2015-05-11 22:46:55	INFO	PlotMS::load_cache	Clearing the existing plotms cache.
2015-05-11 22:47:02	INFO	PlotMS::params_changed	Updating: REDRAW, MSDATA, CACHE, DISPLAY.
2015-05-11 22:47:02	INFO	PlotMS::load_cache	Clearing the existing plotms cache.
2015-05-11 22:47:02	INFO	PlotMS::load_cache	START     Current memory usage: 8348.5 kilobytes.
2015-05-11 22:47:04	INFO	PlotMS::load_cache	Plot Data Transformations:
2015-05-11 22:47:04	INFO	PlotMS::load_cache+	 Frame      = 
2015-05-11 22:47:04	INFO	PlotMS::load_cache+	 VelDef     = RADIO
2015-05-11 22:47:04	INFO	PlotMS::load_cache+	 RestFreq   = 0 MHz
2015-05-11 22:47:04	INFO	PlotMS::load_cache+	 dX         = 0 arcsec
2015-05-11 22:47:04	INFO	PlotMS::load_cache+	 dY         = 0 arcsec
2015-05-11 22:47:04	INFO	PlotMS::load_cache+	 formStokes = false
2015-05-11 22:47:04	INFO	PlotMS::load_cache	Data Averaging: 
2015-05-11 22:47:04	INFO	PlotMS::load_cache+	 Using VECTOR averaging.
2015-05-11 22:47:04	INFO	PlotMS::load_cache+	 Time: 60 seconds.  Scan: false;  Field: false
2015-05-11 22:47:04	INFO	PlotMS::load_cache	Caching for the new plot: Amp(13) vs. Channel(5)...
2015-05-11 22:47:05	INFO	PlotMS::load_cache	Data selection will yield a total of 1248000 plottable points (flagged and unflagged).
2015-05-11 22:47:05	INFO	PlotMS::load_cache+	The plotms cache will require an estimated 0.00755856 GB of memory (6.05654 bytes/point).
2015-05-11 22:47:05	INFO	PlotMS::load_cache+	This is 0.00591086% of the memory avail. to CASA (free=127.876 GB).
2015-05-11 22:47:05	INFO	PlotMS::load_cache	Loading chunks with averaging.....
2015-05-11 22:47:06	INFO	PlotMS::load_cache	Generating the plot mask.
2015-05-11 22:47:06	INFO	PlotMS::load_cache	refTime = 2010/04/24/00:00:00.0
2015-05-11 22:47:06	INFO	PlotMS::load_cache	Finished loading.
2015-05-11 22:47:06	INFO	PlotMS::load_cache	Setting up iteration indexing (if necessary), and calculating plot ranges.
2015-05-11 22:47:06	INFO	PlotMS::load_cache	Global ranges:
2015-05-11 22:47:06	INFO	PlotMS::load_cache+	Channel: -1e-05-63 (unflagged); -1e-05-63 (flagged).
2015-05-11 22:47:06	INFO	PlotMS::load_cache+	Amp: 0.00175273-8.30312 (unflagged); -9.28112e-06-8.08969(flagged).
2015-05-11 22:47:06	INFO	PlotMS::load_cache	Setting up iteration indexing (if necessary), and calculating plot ranges.
2015-05-11 22:47:06	INFO	PlotMS::load_cache	Global ranges:
2015-05-11 22:47:06	INFO	PlotMS::load_cache+	Channel: -1e-05-63 (unflagged); -1e-05-63 (flagged).
2015-05-11 22:47:06	INFO	PlotMS::load_cache+	Amp: 0.00175273-8.30312 (unflagged); -9.28112e-06-8.08969(flagged).
2015-05-11 22:47:06	INFO	QPCanvas::drawItems	START     Current memory usage: 17544.6 kilobytes.
2015-05-11 22:47:08	INFO	PlotMS::plot	Plotting 752640 unflagged points.
2015-05-11 22:47:06	INFO	QPCanvas::drawItems	END       Time: +2 seconds.  Memory: +145.75 kilobytes.
2015-05-11 22:47:11	INFO	PlotMS::plot	Plotting 752640 unflagged points.
2015-05-11 22:47:11	INFO	plotms::::casa	Plot file part4-subH-question3_fld0-corrected-amp.png
2015-05-11 22:47:02	INFO	PlotMS::load_cache	END       Time: +8 seconds.  Memory: +9335.2 kilobytes.
2015-05-11 22:47:12	INFO	QPCanvas::drawItems	START     Current memory usage: 18367.4 kilobytes.
2015-05-11 22:47:16	INFO	plotms::::casa	Will wait until drawing of the plot has completed before exporting it
2015-05-11 22:47:12	INFO	QPCanvas::drawItems	END       Time: +3 seconds.  Memory: -801.688 kilobytes.
2015-05-11 22:47:18	INFO	plotms::::casa	Exporting the plot.
2015-05-11 22:47:18	INFO	plotms::::casa	Calling pm.save,
2015-05-11 22:47:19	INFO	QPCanvas::export	START     Current memory usage: 17593.6 kilobytes.
2015-05-11 22:47:19	INFO	QPCanvas::export	END       Time: +1 seconds.  Memory: +5.90625 kilobytes.
2015-05-11 22:47:20	INFO	PlotMS::showError()	Successfully exported plot to !
2015-05-11 22:47:21	INFO	plotms::::casa	##### End Task: plotms               #####
2015-05-11 22:47:21	INFO	plotms::::casa+	##########################################
2015-05-11 22:48:42	INFO	plotms::::casa	
2015-05-11 22:48:42	INFO	plotms::::casa+	##########################################
2015-05-11 22:48:42	INFO	plotms::::casa+	##### Begin Task: plotms             #####
2015-05-11 22:48:42	INFO	plotms::::casa	plotms(vis="3c391_ctm_mosaic_10s_spw0.ms",xaxis="channel",xdatacolumn="",yaxis="phase",
2015-05-11 22:48:42	INFO	plotms::::casa+	        ydatacolumn="corrected",selectdata=True,field="0",spw="",timerange="08:02:00~08:17:00",
2015-05-11 22:48:42	INFO	plotms::::casa+	        uvrange="",antenna="",scan="",correlation="",array="",
2015-05-11 22:48:42	INFO	plotms::::casa+	        observation="",msselect="",averagedata=True,avgchannel="",avgtime="60s",
2015-05-11 22:48:42	INFO	plotms::::casa+	        avgscan=False,avgfield=False,avgbaseline=False,avgantenna=False,avgspw=False,
2015-05-11 22:48:42	INFO	plotms::::casa+	        scalar=False,transform=False,freqframe="",restfreq="",veldef="RADIO",
2015-05-11 22:48:42	INFO	plotms::::casa+	        shift=[0.0, 0.0],extendflag=False,extcorr=False,extchannel=False,iteraxis="",
2015-05-11 22:48:42	INFO	plotms::::casa+	        xselfscale=False,yselfscale=False,customsymbol=True,symbolshape="autoscaling",symbolsize=2,
2015-05-11 22:48:42	INFO	plotms::::casa+	        symbolcolor="0000ff",symbolfill="fill",symboloutline=False,coloraxis="",customflaggedsymbol=False,
2015-05-11 22:48:42	INFO	plotms::::casa+	        flaggedsymbolshape="nosymbol",flaggedsymbolsize=2,flaggedsymbolcolor="ff0000",flaggedsymbolfill="fill",flaggedsymboloutline=False,
2015-05-11 22:48:42	INFO	plotms::::casa+	        plotrange=[],title="",xlabel="",ylabel="",showmajorgrid=False,
2015-05-11 22:48:42	INFO	plotms::::casa+	        majorwidth=1,majorstyle="",majorcolor="B0B0B0",showminorgrid=False,minorwidth=1,
2015-05-11 22:48:42	INFO	plotms::::casa+	        minorstyle="",minorcolor="D0D0D0",plotfile="part4-subH-question3_fld0-corrected-phase.png",expformat="",highres=False,
2015-05-11 22:48:42	INFO	plotms::::casa+	        interactive=False,overwrite=False,showgui=True)
2015-05-11 22:48:42	INFO	PlotMS::params_changed	Updating: REDRAW, CACHE.
2015-05-11 22:48:42	INFO	PlotMS::load_cache	START     Current memory usage: 17579.5 kilobytes.
2015-05-11 22:48:42	INFO	PlotMS::load_cache	Plot Data Transformations:
2015-05-11 22:48:42	INFO	PlotMS::load_cache+	 Frame      = 
2015-05-11 22:48:42	INFO	PlotMS::load_cache+	 VelDef     = RADIO
2015-05-11 22:48:42	INFO	PlotMS::load_cache+	 RestFreq   = 0 MHz
2015-05-11 22:48:42	INFO	PlotMS::load_cache+	 dX         = 0 arcsec
2015-05-11 22:48:42	INFO	PlotMS::load_cache+	 dY         = 0 arcsec
2015-05-11 22:48:42	INFO	PlotMS::load_cache+	 formStokes = false
2015-05-11 22:48:42	INFO	PlotMS::load_cache	Data Averaging: 
2015-05-11 22:48:42	INFO	PlotMS::load_cache+	 Using VECTOR averaging.
2015-05-11 22:48:42	INFO	PlotMS::load_cache+	 Time: 60 seconds.  Scan: false;  Field: false
2015-05-11 22:48:42	INFO	PlotMS::load_cache	Caching for the new plot: Phase(14) vs. Channel(5)...
2015-05-11 22:48:44	INFO	PlotMS::load_cache	Data selection will yield a total of 1248000 plottable points (flagged and unflagged).
2015-05-11 22:48:44	INFO	PlotMS::load_cache+	The plotms cache will require an estimated 0.0125506 GB of memory (10.0565 bytes/point).
2015-05-11 22:48:44	INFO	PlotMS::load_cache+	This is 0.00981523% of the memory avail. to CASA (free=127.868 GB).
2015-05-11 22:48:44	INFO	PlotMS::load_cache	Loading chunks with averaging.....
2015-05-11 22:48:44	INFO	PlotMS::load_cache	Generating the plot mask.
2015-05-11 22:48:44	INFO	PlotMS::load_cache	refTime = 2010/04/24/00:00:00.0
2015-05-11 22:48:44	INFO	PlotMS::load_cache	Finished loading.
2015-05-11 22:48:44	INFO	PlotMS::load_cache	Setting up iteration indexing (if necessary), and calculating plot ranges.
2015-05-11 22:48:44	INFO	PlotMS::load_cache	Global ranges:
2015-05-11 22:48:44	INFO	PlotMS::load_cache+	Channel: -1e-05-63 (unflagged); -1e-05-63 (flagged).
2015-05-11 22:48:44	INFO	PlotMS::load_cache+	Phase: -179.999-179.999 (unflagged); -180-180(flagged).
2015-05-11 22:48:44	INFO	PlotMS::load_cache	Setting up iteration indexing (if necessary), and calculating plot ranges.
2015-05-11 22:48:44	INFO	PlotMS::load_cache	Global ranges:
2015-05-11 22:48:44	INFO	PlotMS::load_cache+	Channel: -1e-05-63 (unflagged); -1e-05-63 (flagged).
2015-05-11 22:48:44	INFO	PlotMS::load_cache+	Phase: -179.999-179.999 (unflagged); -180-180(flagged).
2015-05-11 22:48:44	INFO	QPCanvas::drawItems	START     Current memory usage: 23093.4 kilobytes.
2015-05-11 22:48:44	INFO	PlotMS::plot	Plotting 752640 unflagged points.
2015-05-11 22:48:44	INFO	QPCanvas::drawItems	END       Time: +0 seconds.  Memory: -6.0625 kilobytes.
2015-05-11 22:48:46	INFO	PlotMS::plot	Plotting 752640 unflagged points.
2015-05-11 22:48:46	INFO	plotms::::casa	Plot file part4-subH-question3_fld0-corrected-phase.png
2015-05-11 22:48:42	INFO	PlotMS::load_cache	END       Time: +3 seconds.  Memory: +4839.98 kilobytes.
2015-05-11 22:48:47	INFO	QPCanvas::drawItems	START     Current memory usage: 23081.5 kilobytes.
2015-05-11 22:48:49	INFO	plotms::::casa	Will wait until drawing of the plot has completed before exporting it
2015-05-11 22:48:47	INFO	QPCanvas::drawItems	END       Time: +3 seconds.  Memory: -657.766 kilobytes.
2015-05-11 22:48:51	INFO	plotms::::casa	Exporting the plot.
2015-05-11 22:48:51	INFO	plotms::::casa	Calling pm.save,
2015-05-11 22:48:52	INFO	QPCanvas::export	START     Current memory usage: 22450.8 kilobytes.
2015-05-11 22:48:52	INFO	QPCanvas::export	END       Time: +1 seconds.  Memory: +1.65625 kilobytes.
2015-05-11 22:48:53	INFO	PlotMS::showError()	Successfully exported plot to !
2015-05-11 22:48:53	INFO	plotms::::casa	##### End Task: plotms               #####
2015-05-11 22:48:53	INFO	plotms::::casa+	##########################################
2015-05-11 22:50:15	INFO	plotms::::casa	
2015-05-11 22:50:15	INFO	plotms::::casa+	##########################################
2015-05-11 22:50:15	INFO	plotms::::casa+	##### Begin Task: plotms             #####
2015-05-11 22:50:15	INFO	plotms::::casa	plotms(vis="3c391_ctm_mosaic_10s_spw0.ms",xaxis="channel",xdatacolumn="",yaxis="amp",
2015-05-11 22:50:15	INFO	plotms::::casa+	        ydatacolumn="corrected",selectdata=True,field="1",spw="",timerange="08:02:00~08:17:00",
2015-05-11 22:50:15	INFO	plotms::::casa+	        uvrange="",antenna="",scan="",correlation="RR, LL",array="",
2015-05-11 22:50:15	INFO	plotms::::casa+	        observation="",msselect="",averagedata=True,avgchannel="",avgtime="60s",
2015-05-11 22:50:15	INFO	plotms::::casa+	        avgscan=False,avgfield=False,avgbaseline=False,avgantenna=False,avgspw=False,
2015-05-11 22:50:15	INFO	plotms::::casa+	        scalar=False,transform=False,freqframe="",restfreq="",veldef="RADIO",
2015-05-11 22:50:15	INFO	plotms::::casa+	        shift=[0.0, 0.0],extendflag=False,extcorr=False,extchannel=False,iteraxis="",
2015-05-11 22:50:15	INFO	plotms::::casa+	        xselfscale=False,yselfscale=False,customsymbol=True,symbolshape="autoscaling",symbolsize=2,
2015-05-11 22:50:15	INFO	plotms::::casa+	        symbolcolor="0000ff",symbolfill="fill",symboloutline=False,coloraxis="",customflaggedsymbol=False,
2015-05-11 22:50:15	INFO	plotms::::casa+	        flaggedsymbolshape="nosymbol",flaggedsymbolsize=2,flaggedsymbolcolor="ff0000",flaggedsymbolfill="fill",flaggedsymboloutline=False,
2015-05-11 22:50:15	INFO	plotms::::casa+	        plotrange=[],title="",xlabel="",ylabel="",showmajorgrid=False,
2015-05-11 22:50:15	INFO	plotms::::casa+	        majorwidth=1,majorstyle="",majorcolor="B0B0B0",showminorgrid=False,minorwidth=1,
2015-05-11 22:50:15	INFO	plotms::::casa+	        minorstyle="",minorcolor="D0D0D0",plotfile="part4-subH-question3_fld1-corrected-amp.png",expformat="",highres=False,
2015-05-11 22:50:15	INFO	plotms::::casa+	        interactive=False,overwrite=False,showgui=True)
2015-05-11 22:50:15	INFO	PlotMS::params_changed	Updating: REDRAW, MSDATA, CACHE.
2015-05-11 22:50:15	INFO	PlotMS::load_cache	Clearing the existing plotms cache.
2015-05-11 22:50:15	INFO	PlotMS::load_cache	START     Current memory usage: 9895.91 kilobytes.
2015-05-11 22:50:15	INFO	PlotMS::load_cache	Plot Data Transformations:
2015-05-11 22:50:15	INFO	PlotMS::load_cache+	 Frame      = 
2015-05-11 22:50:15	INFO	PlotMS::load_cache+	 VelDef     = RADIO
2015-05-11 22:50:15	INFO	PlotMS::load_cache+	 RestFreq   = 0 MHz
2015-05-11 22:50:15	INFO	PlotMS::load_cache+	 dX         = 0 arcsec
2015-05-11 22:50:15	INFO	PlotMS::load_cache+	 dY         = 0 arcsec
2015-05-11 22:50:15	INFO	PlotMS::load_cache+	 formStokes = false
2015-05-11 22:50:15	INFO	PlotMS::load_cache	Data Averaging: 
2015-05-11 22:50:15	INFO	PlotMS::load_cache+	 Using VECTOR averaging.
2015-05-11 22:50:15	INFO	PlotMS::load_cache+	 Time: 60 seconds.  Scan: false;  Field: false
2015-05-11 22:50:15	INFO	PlotMS::load_cache	Caching for the new plot: Amp(13) vs. Channel(5)...
2015-05-11 22:50:16	INFO	PlotMS::showError()	ERROR: Error during cache loading: MSSelectionNullSelection : The selected table has zero rows.
2015-05-11 22:50:16	INFO	plotms::::casa	Plot file part4-subH-question3_fld1-corrected-amp.png
2015-05-11 22:50:19	INFO	plotms::::casa	Exporting the plot.
2015-05-11 22:50:19	INFO	plotms::::casa	Calling pm.save,
2015-05-11 22:50:19	INFO	PlotMS::showError()	Successfully exported plot to !
2015-05-11 22:50:21	INFO	plotms::::casa	##### End Task: plotms               #####
2015-05-11 22:50:21	INFO	plotms::::casa+	##########################################
2015-05-11 22:51:21	INFO	plotms::::casa	
2015-05-11 22:51:21	INFO	plotms::::casa+	##########################################
2015-05-11 22:51:21	INFO	plotms::::casa+	##### Begin Task: plotms             #####
2015-05-11 22:51:21	INFO	plotms::::casa	plotms(vis="3c391_ctm_mosaic_10s_spw0.ms",xaxis="channel",xdatacolumn="",yaxis="amp",
2015-05-11 22:51:21	INFO	plotms::::casa+	        ydatacolumn="corrected",selectdata=True,field="1",spw="",timerange="08:02:00~08:17:00",
2015-05-11 22:51:21	INFO	plotms::::casa+	        uvrange="",antenna="",scan="",correlation="RR, LL",array="",
2015-05-11 22:51:21	INFO	plotms::::casa+	        observation="",msselect="",averagedata=True,avgchannel="",avgtime="60s",
2015-05-11 22:51:21	INFO	plotms::::casa+	        avgscan=False,avgfield=False,avgbaseline=False,avgantenna=False,avgspw=False,
2015-05-11 22:51:21	INFO	plotms::::casa+	        scalar=False,transform=False,freqframe="",restfreq="",veldef="RADIO",
2015-05-11 22:51:21	INFO	plotms::::casa+	        shift=[0.0, 0.0],extendflag=False,extcorr=False,extchannel=False,iteraxis="",
2015-05-11 22:51:21	INFO	plotms::::casa+	        xselfscale=False,yselfscale=False,customsymbol=True,symbolshape="autoscaling",symbolsize=2,
2015-05-11 22:51:21	INFO	plotms::::casa+	        symbolcolor="0000ff",symbolfill="fill",symboloutline=False,coloraxis="",customflaggedsymbol=False,
2015-05-11 22:51:21	INFO	plotms::::casa+	        flaggedsymbolshape="nosymbol",flaggedsymbolsize=2,flaggedsymbolcolor="ff0000",flaggedsymbolfill="fill",flaggedsymboloutline=False,
2015-05-11 22:51:21	INFO	plotms::::casa+	        plotrange=[],title="",xlabel="",ylabel="",showmajorgrid=False,
2015-05-11 22:51:21	INFO	plotms::::casa+	        majorwidth=1,majorstyle="",majorcolor="B0B0B0",showminorgrid=False,minorwidth=1,
2015-05-11 22:51:21	INFO	plotms::::casa+	        minorstyle="",minorcolor="D0D0D0",plotfile="part4-subH-question3_fld1-corrected-amp.png",expformat="",highres=False,
2015-05-11 22:51:21	INFO	plotms::::casa+	        interactive=False,overwrite=False,showgui=True)
2015-05-11 22:51:21	INFO	plotms::::casa	Plot file part4-subH-question3_fld1-corrected-amp.png
2015-05-11 22:51:22	INFO	plotms::::casa	Exporting the plot.
2015-05-11 22:51:22	INFO	plotms::::casa	Calling pm.save,
2015-05-11 22:51:22	INFO	PlotMS::showError()	Successfully exported plot to !
2015-05-11 22:51:24	INFO	plotms::::casa	##### End Task: plotms               #####
2015-05-11 22:51:24	INFO	plotms::::casa+	##########################################
2015-05-11 22:52:26	INFO	plotms::::casa	
2015-05-11 22:52:26	INFO	plotms::::casa+	##########################################
2015-05-11 22:52:26	INFO	plotms::::casa+	##### Begin Task: plotms             #####
2015-05-11 22:52:26	INFO	plotms::::casa	plotms(vis="3c391_ctm_mosaic_10s_spw0.ms",xaxis="channel",xdatacolumn="",yaxis="amp",
2015-05-11 22:52:26	INFO	plotms::::casa+	        ydatacolumn="corrected",selectdata=True,field="1",spw="",timerange="08:02:00~08:17:00",
2015-05-11 22:52:26	INFO	plotms::::casa+	        uvrange="",antenna="",scan="",correlation="RR, LL",array="",
2015-05-11 22:52:26	INFO	plotms::::casa+	        observation="",msselect="",averagedata=True,avgchannel="",avgtime="60s",
2015-05-11 22:52:26	INFO	plotms::::casa+	        avgscan=False,avgfield=False,avgbaseline=False,avgantenna=False,avgspw=False,
2015-05-11 22:52:26	INFO	plotms::::casa+	        scalar=False,transform=False,freqframe="",restfreq="",veldef="RADIO",
2015-05-11 22:52:26	INFO	plotms::::casa+	        shift=[0.0, 0.0],extendflag=False,extcorr=False,extchannel=False,iteraxis="",
2015-05-11 22:52:26	INFO	plotms::::casa+	        xselfscale=False,yselfscale=False,customsymbol=True,symbolshape="autoscaling",symbolsize=2,
2015-05-11 22:52:26	INFO	plotms::::casa+	        symbolcolor="0000ff",symbolfill="fill",symboloutline=False,coloraxis="",customflaggedsymbol=False,
2015-05-11 22:52:26	INFO	plotms::::casa+	        flaggedsymbolshape="nosymbol",flaggedsymbolsize=2,flaggedsymbolcolor="ff0000",flaggedsymbolfill="fill",flaggedsymboloutline=False,
2015-05-11 22:52:26	INFO	plotms::::casa+	        plotrange=[],title="",xlabel="",ylabel="",showmajorgrid=False,
2015-05-11 22:52:26	INFO	plotms::::casa+	        majorwidth=1,majorstyle="",majorcolor="B0B0B0",showminorgrid=False,minorwidth=1,
2015-05-11 22:52:26	INFO	plotms::::casa+	        minorstyle="",minorcolor="D0D0D0",plotfile="part4-subH-question3_fld1-corrected-amp.png",expformat="",highres=False,
2015-05-11 22:52:26	INFO	plotms::::casa+	        interactive=False,overwrite=False,showgui=True)
2015-05-11 22:52:26	INFO	plotms::::casa	Plot file part4-subH-question3_fld1-corrected-amp.png
2015-05-11 22:52:32	INFO	plotms::::casa	Exporting the plot.
2015-05-11 22:52:32	INFO	plotms::::casa	Calling pm.save,
2015-05-11 22:52:32	INFO	PlotMS::showError()	Successfully exported plot to !
2015-05-11 22:52:44	INFO	plotms::::casa	##### End Task: plotms               #####
2015-05-11 22:52:44	INFO	plotms::::casa+	##########################################
2015-05-11 22:53:15	INFO	plotms::::casa	
2015-05-11 22:53:15	INFO	plotms::::casa+	##########################################
2015-05-11 22:53:15	INFO	plotms::::casa+	##### Begin Task: plotms             #####
2015-05-11 22:53:15	INFO	plotms::::casa	plotms(vis="3c391_ctm_mosaic_10s_spw0.ms",xaxis="channel",xdatacolumn="",yaxis="phase",
2015-05-11 22:53:15	INFO	plotms::::casa+	        ydatacolumn="corrected",selectdata=True,field="1",spw="",timerange="08:02:00~08:17:00",
2015-05-11 22:53:15	INFO	plotms::::casa+	        uvrange="",antenna="",scan="",correlation="RR, LL",array="",
2015-05-11 22:53:15	INFO	plotms::::casa+	        observation="",msselect="",averagedata=True,avgchannel="",avgtime="60s",
2015-05-11 22:53:15	INFO	plotms::::casa+	        avgscan=False,avgfield=False,avgbaseline=False,avgantenna=False,avgspw=False,
2015-05-11 22:53:15	INFO	plotms::::casa+	        scalar=False,transform=False,freqframe="",restfreq="",veldef="RADIO",
2015-05-11 22:53:15	INFO	plotms::::casa+	        shift=[0.0, 0.0],extendflag=False,extcorr=False,extchannel=False,iteraxis="",
2015-05-11 22:53:15	INFO	plotms::::casa+	        xselfscale=False,yselfscale=False,customsymbol=True,symbolshape="autoscaling",symbolsize=2,
2015-05-11 22:53:15	INFO	plotms::::casa+	        symbolcolor="0000ff",symbolfill="fill",symboloutline=False,coloraxis="",customflaggedsymbol=False,
2015-05-11 22:53:15	INFO	plotms::::casa+	        flaggedsymbolshape="nosymbol",flaggedsymbolsize=2,flaggedsymbolcolor="ff0000",flaggedsymbolfill="fill",flaggedsymboloutline=False,
2015-05-11 22:53:15	INFO	plotms::::casa+	        plotrange=[],title="",xlabel="",ylabel="",showmajorgrid=False,
2015-05-11 22:53:15	INFO	plotms::::casa+	        majorwidth=1,majorstyle="",majorcolor="B0B0B0",showminorgrid=False,minorwidth=1,
2015-05-11 22:53:15	INFO	plotms::::casa+	        minorstyle="",minorcolor="D0D0D0",plotfile="part4-subH-question3_fld1-corrected-phase.png",expformat="",highres=False,
2015-05-11 22:53:15	INFO	plotms::::casa+	        interactive=False,overwrite=False,showgui=True)
2015-05-11 22:53:15	INFO	PlotMS::params_changed	Updating: REDRAW, CACHE.
2015-05-11 22:53:15	INFO	PlotMS::load_cache	START     Current memory usage: 10001.7 kilobytes.
2015-05-11 22:53:15	INFO	PlotMS::load_cache	Plot Data Transformations:
2015-05-11 22:53:15	INFO	PlotMS::load_cache+	 Frame      = 
2015-05-11 22:53:15	INFO	PlotMS::load_cache+	 VelDef     = RADIO
2015-05-11 22:53:15	INFO	PlotMS::load_cache+	 RestFreq   = 0 MHz
2015-05-11 22:53:15	INFO	PlotMS::load_cache+	 dX         = 0 arcsec
2015-05-11 22:53:15	INFO	PlotMS::load_cache+	 dY         = 0 arcsec
2015-05-11 22:53:15	INFO	PlotMS::load_cache+	 formStokes = false
2015-05-11 22:53:15	INFO	PlotMS::load_cache	Data Averaging: 
2015-05-11 22:53:15	INFO	PlotMS::load_cache+	 Using VECTOR averaging.
2015-05-11 22:53:15	INFO	PlotMS::load_cache+	 Time: 60 seconds.  Scan: false;  Field: false
2015-05-11 22:53:15	INFO	PlotMS::load_cache	Caching for the new plot: Phase(14) vs. Channel(5)...
2015-05-11 22:53:15	INFO	PlotMS::showError()	ERROR: Error during cache loading: MSSelectionNullSelection : The selected table has zero rows.
2015-05-11 22:53:15	INFO	plotms::::casa	Plot file part4-subH-question3_fld1-corrected-phase.png
2015-05-11 22:53:18	INFO	plotms::::casa	Exporting the plot.
2015-05-11 22:53:18	INFO	plotms::::casa	Calling pm.save,
2015-05-11 22:53:19	INFO	PlotMS::showError()	Successfully exported plot to !
2015-05-11 22:53:20	INFO	plotms::::casa	##### End Task: plotms               #####
2015-05-11 22:53:20	INFO	plotms::::casa+	##########################################
2015-05-11 22:54:21	INFO	plotms::::casa	
2015-05-11 22:54:21	INFO	plotms::::casa+	##########################################
2015-05-11 22:54:21	INFO	plotms::::casa+	##### Begin Task: plotms             #####
2015-05-11 22:54:21	INFO	plotms::::casa	plotms(vis="3c391_ctm_mosaic_10s_spw0.ms",xaxis="channel",xdatacolumn="",yaxis="phase",
2015-05-11 22:54:21	INFO	plotms::::casa+	        ydatacolumn="corrected",selectdata=True,field="1",spw="",timerange="08:02:00~08:17:00",
2015-05-11 22:54:21	INFO	plotms::::casa+	        uvrange="",antenna="",scan="",correlation="RR,LL",array="",
2015-05-11 22:54:21	INFO	plotms::::casa+	        observation="",msselect="",averagedata=True,avgchannel="",avgtime="60s",
2015-05-11 22:54:21	INFO	plotms::::casa+	        avgscan=False,avgfield=False,avgbaseline=False,avgantenna=False,avgspw=False,
2015-05-11 22:54:21	INFO	plotms::::casa+	        scalar=False,transform=False,freqframe="",restfreq="",veldef="RADIO",
2015-05-11 22:54:21	INFO	plotms::::casa+	        shift=[0.0, 0.0],extendflag=False,extcorr=False,extchannel=False,iteraxis="",
2015-05-11 22:54:21	INFO	plotms::::casa+	        xselfscale=False,yselfscale=False,customsymbol=True,symbolshape="autoscaling",symbolsize=2,
2015-05-11 22:54:21	INFO	plotms::::casa+	        symbolcolor="0000ff",symbolfill="fill",symboloutline=False,coloraxis="",customflaggedsymbol=False,
2015-05-11 22:54:21	INFO	plotms::::casa+	        flaggedsymbolshape="nosymbol",flaggedsymbolsize=2,flaggedsymbolcolor="ff0000",flaggedsymbolfill="fill",flaggedsymboloutline=False,
2015-05-11 22:54:21	INFO	plotms::::casa+	        plotrange=[],title="",xlabel="",ylabel="",showmajorgrid=False,
2015-05-11 22:54:21	INFO	plotms::::casa+	        majorwidth=1,majorstyle="",majorcolor="B0B0B0",showminorgrid=False,minorwidth=1,
2015-05-11 22:54:21	INFO	plotms::::casa+	        minorstyle="",minorcolor="D0D0D0",plotfile="part4-subH-question3_fld1-corrected-phase.png",expformat="",highres=False,
2015-05-11 22:54:21	INFO	plotms::::casa+	        interactive=False,overwrite=False,showgui=True)
2015-05-11 22:54:21	INFO	PlotMS::params_changed	Updating: REDRAW, MSDATA.
2015-05-11 22:54:21	INFO	PlotMS::load_cache	Clearing the existing plotms cache.
2015-05-11 22:54:21	INFO	PlotMS::load_cache	START     Current memory usage: 9951.95 kilobytes.
2015-05-11 22:54:21	INFO	PlotMS::load_cache	Plot Data Transformations:
2015-05-11 22:54:21	INFO	PlotMS::load_cache+	 Frame      = 
2015-05-11 22:54:21	INFO	PlotMS::load_cache+	 VelDef     = RADIO
2015-05-11 22:54:21	INFO	PlotMS::load_cache+	 RestFreq   = 0 MHz
2015-05-11 22:54:21	INFO	PlotMS::load_cache+	 dX         = 0 arcsec
2015-05-11 22:54:21	INFO	PlotMS::load_cache+	 dY         = 0 arcsec
2015-05-11 22:54:21	INFO	PlotMS::load_cache+	 formStokes = false
2015-05-11 22:54:21	INFO	PlotMS::load_cache	Data Averaging: 
2015-05-11 22:54:21	INFO	PlotMS::load_cache+	 Using VECTOR averaging.
2015-05-11 22:54:21	INFO	PlotMS::load_cache+	 Time: 60 seconds.  Scan: false;  Field: false
2015-05-11 22:54:21	INFO	PlotMS::load_cache	Caching for the new plot: Phase(14) vs. Channel(5)...
2015-05-11 22:54:21	INFO	PlotMS::showError()	ERROR: Error during cache loading: MSSelectionNullSelection : The selected table has zero rows.
2015-05-11 22:54:21	INFO	plotms::::casa	Plot file part4-subH-question3_fld1-corrected-phase.png
2015-05-11 22:54:25	INFO	plotms::::casa	Exporting the plot.
2015-05-11 22:54:25	INFO	plotms::::casa	Calling pm.save,
2015-05-11 22:54:25	INFO	PlotMS::showError()	Successfully exported plot to !
2015-05-11 22:54:25	INFO	plotms::::casa	##### End Task: plotms               #####
2015-05-11 22:54:25	INFO	plotms::::casa+	##########################################
2015-05-11 22:58:34	INFO	plotms::::casa	
2015-05-11 22:58:34	INFO	plotms::::casa+	##########################################
2015-05-11 22:58:34	INFO	plotms::::casa+	##### Begin Task: plotms             #####
2015-05-11 22:58:34	INFO	plotms::::casa	plotms(vis="3c391_ctm_mosaic_10s_spw0.ms",xaxis="phase",xdatacolumn="corrected",yaxis="amp",
2015-05-11 22:58:34	INFO	plotms::::casa+	        ydatacolumn="corrected",selectdata=True,field="1",spw="",timerange="",
2015-05-11 22:58:34	INFO	plotms::::casa+	        uvrange="",antenna="",scan="",correlation="RR,LL",array="",
2015-05-11 22:58:34	INFO	plotms::::casa+	        observation="",msselect="",averagedata=True,avgchannel="",avgtime="60s",
2015-05-11 22:58:34	INFO	plotms::::casa+	        avgscan=False,avgfield=False,avgbaseline=False,avgantenna=False,avgspw=False,
2015-05-11 22:58:34	INFO	plotms::::casa+	        scalar=False,transform=False,freqframe="",restfreq="",veldef="RADIO",
2015-05-11 22:58:34	INFO	plotms::::casa+	        shift=[0.0, 0.0],extendflag=False,extcorr=False,extchannel=False,iteraxis="",
2015-05-11 22:58:34	INFO	plotms::::casa+	        xselfscale=False,yselfscale=False,customsymbol=True,symbolshape="autoscaling",symbolsize=2,
2015-05-11 22:58:34	INFO	plotms::::casa+	        symbolcolor="0000ff",symbolfill="fill",symboloutline=False,coloraxis="corr",customflaggedsymbol=False,
2015-05-11 22:58:34	INFO	plotms::::casa+	        flaggedsymbolshape="nosymbol",flaggedsymbolsize=2,flaggedsymbolcolor="ff0000",flaggedsymbolfill="fill",flaggedsymboloutline=False,
2015-05-11 22:58:34	INFO	plotms::::casa+	        plotrange=[-180, 180, 0, 3],title="",xlabel="",ylabel="",showmajorgrid=False,
2015-05-11 22:58:34	INFO	plotms::::casa+	        majorwidth=1,majorstyle="",majorcolor="B0B0B0",showminorgrid=False,minorwidth=1,
2015-05-11 22:58:34	INFO	plotms::::casa+	        minorstyle="",minorcolor="D0D0D0",plotfile="part4-subH-question4_fld1-corrected-ampvsphase.png",expformat="",highres=False,
2015-05-11 22:58:34	INFO	plotms::::casa+	        interactive=False,overwrite=False,showgui=True)
2015-05-11 22:58:34	INFO	PlotMS::params_changed	Updating: REDRAW, MSDATA, CACHE, AXES, DISPLAY.
2015-05-11 22:58:34	INFO	PlotMS::load_cache	Clearing the existing plotms cache.
2015-05-11 22:58:34	INFO	PlotMS::load_cache	START     Current memory usage: 9894.69 kilobytes.
2015-05-11 22:58:34	INFO	PlotMS::load_cache	Plot Data Transformations:
2015-05-11 22:58:34	INFO	PlotMS::load_cache+	 Frame      = 
2015-05-11 22:58:34	INFO	PlotMS::load_cache+	 VelDef     = RADIO
2015-05-11 22:58:34	INFO	PlotMS::load_cache+	 RestFreq   = 0 MHz
2015-05-11 22:58:34	INFO	PlotMS::load_cache+	 dX         = 0 arcsec
2015-05-11 22:58:34	INFO	PlotMS::load_cache+	 dY         = 0 arcsec
2015-05-11 22:58:34	INFO	PlotMS::load_cache+	 formStokes = false
2015-05-11 22:58:34	INFO	PlotMS::load_cache	Data Averaging: 
2015-05-11 22:58:34	INFO	PlotMS::load_cache+	 Using VECTOR averaging.
2015-05-11 22:58:34	INFO	PlotMS::load_cache+	 Time: 60 seconds.  Scan: false;  Field: false
2015-05-11 22:58:34	INFO	PlotMS::load_cache	Caching for the new plot: Amp(13) vs. Phase(14)...
2015-05-11 22:58:35	INFO	PlotMS::load_cache	Data selection will yield a total of 1145728 plottable points (flagged and unflagged).
2015-05-11 22:58:35	INFO	PlotMS::load_cache+	The plotms cache will require an estimated 0.0115902 GB of memory (10.116 bytes/point).
2015-05-11 22:58:35	INFO	PlotMS::load_cache+	This is 0.00906371% of the memory avail. to CASA (free=127.874 GB).
2015-05-11 22:58:35	INFO	PlotMS::load_cache	Loading chunks with averaging.....
2015-05-11 22:58:37	INFO	PlotMS::load_cache	Generating the plot mask.
2015-05-11 22:58:37	INFO	PlotMS::load_cache	refTime = 2010/04/24/00:00:00.0
2015-05-11 22:58:37	INFO	PlotMS::load_cache	Finished loading.
2015-05-11 22:58:37	INFO	PlotMS::load_cache	Setting up iteration indexing (if necessary), and calculating plot ranges.
2015-05-11 22:58:37	INFO	PlotMS::load_cache	Global ranges:
2015-05-11 22:58:37	INFO	PlotMS::load_cache+	Phase: -22.2359-21.2426 (unflagged); -179.999-179.999 (flagged).
2015-05-11 22:58:37	INFO	PlotMS::load_cache+	Amp: 1.85164-2.98224 (unflagged); -8.11559e-06-0.424575(flagged).
2015-05-11 22:58:37	INFO	PlotMS::load_cache	Setting up iteration indexing (if necessary), and calculating plot ranges.
2015-05-11 22:58:37	INFO	PlotMS::load_cache	Global ranges:
2015-05-11 22:58:37	INFO	PlotMS::load_cache+	Phase: -22.2359-21.2426 (unflagged); -179.999-179.999 (flagged).
2015-05-11 22:58:37	INFO	PlotMS::load_cache+	Amp: 1.85164-2.98224 (unflagged); -8.11559e-06-0.424575(flagged).
2015-05-11 22:58:37	INFO	QPCanvas::drawItems	START     Current memory usage: 22289.7 kilobytes.
2015-05-11 22:58:37	INFO	PlotMS::plot	Plotting 726528 unflagged points.
2015-05-11 22:58:37	INFO	QPCanvas::drawItems	END       Time: +1 seconds.  Memory: -129.219 kilobytes.
2015-05-11 22:58:40	INFO	PlotMS::plot	Plotting 726528 unflagged points.
2015-05-11 22:58:40	INFO	plotms::::casa	Plot file part4-subH-question4_fld1-corrected-ampvsphase.png
2015-05-11 22:58:34	INFO	PlotMS::load_cache	END       Time: +7 seconds.  Memory: +11620 kilobytes.
2015-05-11 22:58:41	INFO	QPCanvas::drawItems	START     Current memory usage: 22370.6 kilobytes.
2015-05-11 22:58:41	INFO	QPCanvas::drawItems	END       Time: +4 seconds.  Memory: -674.578 kilobytes.
2015-05-11 22:58:46	INFO	plotms::::casa	Exporting the plot.
2015-05-11 22:58:46	INFO	plotms::::casa	Calling pm.save,
2015-05-11 22:58:47	INFO	QPCanvas::export	START     Current memory usage: 21731.5 kilobytes.
2015-05-11 22:58:47	INFO	QPCanvas::export	END       Time: +2 seconds.  Memory: +1.57812 kilobytes.
2015-05-11 22:58:49	INFO	PlotMS::showError()	Successfully exported plot to !
2015-05-11 22:58:49	INFO	plotms::::casa	##### End Task: plotms               #####
2015-05-11 22:58:49	INFO	plotms::::casa+	##########################################
