#log# Automatic Logger file. *** THIS MUST BE THE FIRST LINE ***
#log# DO NOT CHANGE THIS LINE OR THE TWO BELOW -* coding: UTF-8 *-
#log# opts = Struct({'__allownew': True,
 'autocall': 2,
 'banner': 0,
 'colors': 'LightBG',
 'ipythondir': '/home/lods08/.casa/ipython',
 'logfile': 'ipython-20150511-164942.log',
 'messages': 0,
 'prompt_in1': 'CASA <\\#>: '})
#log# args = []
#log# It is safe to make manual edits below here.
#log#-----------------------------------------------------------------------
execfile("/opt/cep/Casa/casapy-42.1.29047-001-1-64b/lib64/python2.7/assignmentFilter.py")
gaincal(vis='3c391_ctm_mosaic_10s_spw0.ms', caltable='3c391_ctm_mosaic_10s_spw0.G0', field='J1331+3030', refant='ea21', spw='0:27~36', calmode='p', solint='int', minsnr=5, gaintable=['3c391_ctm_mosaic_10s_spw0.antpos'])
plotcal(caltable='3c391_ctm_mosaic_10s_spw0.G0', xaxis='time',yaxis='phase',poln='R',field='J1331+3030',iteration='antenna', plotrange=[-1,-1,-180,180],timerange='08:02:00~08:17:00')
gaincal(vis='3c391_ctm_mosaic_10s_spw0.ms',caltable='3c391_ctm_mosaic_10s_spw0.K0', field='J1331+3030',refant='ea21',spw='0:5~58',gaintype='K', solint='inf',combine='scan',minsnr=5, gaintable=['3c391_ctm_mosaic_10s_spw0.antpos', '3c391_ctm_mosaic_10s_spw0.G0'])
plotcal(caltable='3c391_ctm_mosaic_10s_spw0.K0',xaxis='antenna',yaxis='delay', figfile='plotcal_3c391-K0-delay.png')
bandpass(vis='3c391_ctm_mosaic_10s_spw0.ms',caltable='3c391_ctm_mosaic_10s_spw0.B0', field='J1331+3030',spw='',refant='ea21',solnorm=True,combine='scan', solint='inf',bandtype='B', gaintable=['3c391_ctm_mosaic_10s_spw0.antpos', '3c391_ctm_mosaic_10s_spw0.G0', '3c391_ctm_mosaic_10s_spw0.K0'])
plotcal(caltable='3c391_ctm_mosaic_10s_spw0.B0', poln='R', xaxis='chan', yaxis='amp', field='J1331+3030', subplot=221, iteration='antenna', figfile='part4-subE-question3a_amp_pol-R.png')
plotcal(caltable='3c391_ctm_mosaic_10s_spw0.B0', poln='L', xaxis='chan', yaxis='amp', field='J1331+3030', subplot=221, iteration='antenna', figfile='part4-subE-question3a_amp_pol-L.png')
plotcal(caltable='3c391_ctm_mosaic_10s_spw0.B0', poln='R', xaxis='chan', yaxis='phase', field='J1331+3030', subplot=221, iteration='antenna', figfile='part4-subE-question3b_phase_pol-R.png')
plotcal(caltable='3c391_ctm_mosaic_10s_spw0.B0', poln='L', xaxis='chan', yaxis='amp', field='J1331+3030', subplot=221, iteration='antenna', figfile='part4-subE-question3b_amp_phase_pol-L.png')
