#log# Automatic Logger file. *** THIS MUST BE THE FIRST LINE ***
#log# DO NOT CHANGE THIS LINE OR THE TWO BELOW -* coding: UTF-8 *-
#log# opts = Struct({'__allownew': True,
 'autocall': 2,
 'banner': 0,
 'colors': 'LightBG',
 'ipythondir': '/home/lods08/.casa/ipython',
 'logfile': 'ipython-20150510-131846.log',
 'messages': 0,
 'prompt_in1': 'CASA <\\#>: '})
#log# args = []
#log# It is safe to make manual edits below here.
#log#-----------------------------------------------------------------------
execfile("/cep/Casa/casapy-42.1.29047-001-1-64b/lib64/python2.7/assignmentFilter.py")
vis = '3c391_ctm_mosaic_10s_spw0.ms'
listobs()
plotants()
plotms(vis = '3c391_ctm_mosaic_10s_spw0.ms')
flagdata(vis = '3c391_ctm_mosaic_10s_spw0.ms', scan='1')
flagdata(flagdata(vis = '3c391_ctm_mosaic_10s_spw0.ms', antenna='ea15')
flagdata(vis = '3c391_ctm_mosaic_10s_spw0.ms', antenna='ea15')
plotans()
plotants()
display *.png
plotms(vis = '3c391_ctm_mosaic_10s_spw0.ms')
flagdata(vis = '3c391_ctm_mosaic_10s_spw0.ms', mode='quack', quackmode='beg', quackinterval=10.0, quackincrement=False)
flagdata(vis = '3c391_ctm_mosaic_10s_spw0.ms', antenna='ea13')
clean(vis = '3c391_ctm_mosaic_10s_spw0.ms',
imagename = 'O/P_file_name',
field='', spw-'',
mode='mfs',
niter=5000,
gain=0.1, threshold=1.0mJy',
psfmode='clark',
imagermode='mosaic', ftmachine='mosaic',
multiscale=[0],
interactive=True,
imsize=[480,480], cell=['2.5arcsec', '2.5arcsec'],
stokes='l',
weighting='briggs', robust=0.5,
clean(vis = '3c391_ctm_mosaic_10s_spw0.ms',
imagename = 'O/P_file_name',
field='', spw-'',
mode='mfs',
niter=5000,
gain=0.1, threshold='1.0mJy',
psfmode='clark',
imagermode='mosaic', ftmachine='mosaic',
multiscale=[0],
interactive=True,
imsize=[480,480], cell=['2.5arcsec', '2.5arcsec'],
stokes='l',
weighting='briggs', robust=0.5,
usescratch=False)
clean(vis = '3c391_ctm_mosaic_10s_spw0.ms',
imagename = 'O/P_file_name',
field='', spw='',
mode='mfs',
niter=5000,
gain=0.1, threshold='1.0mJy',
psfmode='clark',
imagermode='mosaic', ftmachine='mosaic',
multiscale=[0],
interactive=True,
imsize=[480,480], cell=['2.5arcsec', '2.5arcsec'],
stokes='l',
weighting='briggs', robust=0.5,
usescratch=False)
clean(vis = '3c391_ctm_mosaic_10s_spw0.ms',
imagename = 'O/P_file_name',
field='', spw='',
mode='mfs',
niter=5000,
gain=0.1, threshold='1.0mJy',
psfmode='clark',
imagermode='mosaic', ftmachine='mosaic',
multiscale=[0],
interactive=True,
imsize=[480,480], cell=['2.5arcsec', '2.5arcsec'],
stokes='l',
weighting='briggs', iobust=0.5,
usescratch=False)
help('clean')
clean(vis = '3c391_ctm_mosaic_10s_spw0.ms',
imagename = 'O/P_file_name',
field='', spw='',
mode='mfs',
niter=5000,
gain=0.1, threshold='1.0mJy',
psfmode='clark',
imagermode='mosaic', ftmachine='mosaic',
multiscale=[0],
interactive=True,
imsize=[480,480], cell=['2.5arcsec', '2.5arcsec'],
stokes='I',
weighting='briggs', robust=0.5,
usescratch=False)
_ip.system("ls -F ")
clean(vis = '3c391_ctm_mosaic_10s_spw0.ms',
imagename = 'MeLoveSomeMosaicPleaseMakeThisForMeDearCasa',
field='', spw='',
mode='mfs',
niter=5000,
gain=0.1, threshold='1.0mJy',
psfmode='clark',
imagermode='mosaic', ftmachine='mosaic',
multiscale=[0],
interactive=True,
imsize=[480,480], cell=['2.5arcsec', '2.5arcsec'],
stokes='I',
weighting='briggs', robust=0.5,
usescratch=False)
