2015-05-12 15:44:32	INFO	casa::::casa	---
2015-05-12 15:44:32	INFO	casa::::casa	CASA Version 4.2.1 (release r29047)
2015-05-12 15:44:32	INFO	casa::::casa	  Tagged on: Thu, 27 Mar 2014
2015-05-12 15:46:32	INFO	plotcal::::casa	
2015-05-12 15:46:32	INFO	plotcal::::casa+	##########################################
2015-05-12 15:46:32	INFO	plotcal::::casa+	##### Begin Task: plotcal            #####
2015-05-12 15:46:32	INFO	plotcal::::casa	plotcal(caltable="3c391_ctm_mosaic_10s_spw0.G0all",xaxis="time",yaxis="phase",poln="L",
2015-05-12 15:46:32	INFO	plotcal::::casa+	        field="",antenna="",spw="",timerange="",subplot=111,
2015-05-12 15:46:32	INFO	plotcal::::casa+	        overplot=False,clearpanel="Auto",iteration="antenna",plotrange=[-1, -1, -180, 180],showflags=False,
2015-05-12 15:46:32	INFO	plotcal::::casa+	        plotsymbol="o",plotcolor="blue",markersize=5.0,fontsize=10.0,showgui=True,
2015-05-12 15:46:32	INFO	plotcal::::casa+	        figfile="")
2015-05-12 15:46:32	INFO	tableplot::setgui	Switching to GUI mode. All current plots  will be reset.
2015-05-12 15:46:33	INFO	plotcal::createCalTab 	Detected a NewCalTable!
2015-05-12 15:46:33	INFO		Now get the data
2015-05-12 15:46:33	INFO		Done Processing data ... 
2015-05-12 15:46:34	INFO	plotcal::::casa	##### End Task: plotcal              #####
2015-05-12 15:46:34	INFO	plotcal::::casa+	##########################################
2015-05-12 15:46:36	INFO		Now get the data
2015-05-12 15:46:36	INFO		Done Processing data ... 
2015-05-12 15:46:37	INFO		Now get the data
2015-05-12 15:46:37	INFO		Done Processing data ... 
2015-05-12 15:46:38	INFO		Now get the data
2015-05-12 15:46:38	INFO		Done Processing data ... 
2015-05-12 15:46:45	INFO		Now get the data
2015-05-12 15:46:45	INFO		Done Processing data ... 
2015-05-12 15:46:48	INFO		Now get the data
2015-05-12 15:46:48	INFO		Done Processing data ... 
2015-05-12 15:46:49	INFO		Now get the data
2015-05-12 15:46:49	INFO		Done Processing data ... 
2015-05-12 15:46:50	INFO		Now get the data
2015-05-12 15:46:50	INFO		Done Processing data ... 
2015-05-12 15:46:51	INFO		Now get the data
2015-05-12 15:46:51	INFO		Done Processing data ... 
2015-05-12 15:46:53	INFO		Now get the data
2015-05-12 15:46:53	INFO		Done Processing data ... 
2015-05-12 15:47:00	INFO		Now get the data
2015-05-12 15:47:00	INFO		Done Processing data ... 
2015-05-12 15:47:02	INFO		Now get the data
2015-05-12 15:47:02	INFO		Done Processing data ... 
2015-05-12 15:47:03	INFO		Now get the data
2015-05-12 15:47:03	INFO		Done Processing data ... 
2015-05-12 15:47:04	INFO		Now get the data
2015-05-12 15:47:04	INFO		Done Processing data ... 
2015-05-12 15:47:05	INFO		Now get the data
2015-05-12 15:47:05	INFO		Done Processing data ... 
2015-05-12 15:47:06	INFO		Now get the data
2015-05-12 15:47:06	INFO		Done Processing data ... 
2015-05-12 15:47:08	INFO		Now get the data
2015-05-12 15:47:08	INFO		Done Processing data ... 
2015-05-12 15:47:09	INFO		Now get the data
2015-05-12 15:47:09	INFO		Done Processing data ... 
2015-05-12 15:47:10	INFO		Now get the data
2015-05-12 15:47:10	INFO		Done Processing data ... 
2015-05-12 15:48:07	INFO	plotcal::::casa	
2015-05-12 15:48:07	INFO	plotcal::::casa+	##########################################
2015-05-12 15:48:07	INFO	plotcal::::casa+	##### Begin Task: plotcal            #####
2015-05-12 15:48:07	INFO	plotcal::::casa	plotcal(caltable="3c391_ctm_mosaic_10s_spw0.G0all",xaxis="time",yaxis="phase",poln="L",
2015-05-12 15:48:07	INFO	plotcal::::casa+	        field="",antenna="",spw="",timerange="",subplot=111,
2015-05-12 15:48:07	INFO	plotcal::::casa+	        overplot=False,clearpanel="Auto",iteration="antenna",plotrange=[-1, -1, -180, 180],showflags=False,
2015-05-12 15:48:07	INFO	plotcal::::casa+	        plotsymbol="o",plotcolor="blue",markersize=5.0,fontsize=10.0,showgui=True,
2015-05-12 15:48:07	INFO	plotcal::::casa+	        figfile="")
2015-05-12 15:48:07	INFO	tableplot::setgui	Switching to GUI mode. All current plots  will be reset.
2015-05-12 15:48:07	INFO	plotcal::createCalTab 	Detected a NewCalTable!
2015-05-12 15:48:11	INFO		Now get the data
2015-05-12 15:48:11	INFO		Done Processing data ... 
2015-05-12 15:48:12	INFO	plotcal::::casa	##### End Task: plotcal              #####
2015-05-12 15:48:12	INFO	plotcal::::casa+	##########################################
2015-05-12 15:48:14	INFO		Now get the data
2015-05-12 15:48:14	INFO		Done Processing data ... 
2015-05-12 15:48:16	INFO		Now get the data
2015-05-12 15:48:16	INFO		Done Processing data ... 
2015-05-12 15:48:17	INFO		Now get the data
2015-05-12 15:48:17	INFO		Done Processing data ... 
2015-05-12 15:48:19	INFO		Now get the data
2015-05-12 15:48:19	INFO		Done Processing data ... 
2015-05-12 15:48:20	INFO		Now get the data
2015-05-12 15:48:20	INFO		Done Processing data ... 
2015-05-12 15:48:22	INFO		Now get the data
2015-05-12 15:48:22	INFO		Done Processing data ... 
2015-05-12 15:48:23	INFO		Now get the data
2015-05-12 15:48:23	INFO		Done Processing data ... 
2015-05-12 15:48:24	INFO		Now get the data
2015-05-12 15:48:24	INFO		Done Processing data ... 
2015-05-12 15:48:25	INFO		Now get the data
2015-05-12 15:48:25	INFO		Done Processing data ... 
2015-05-12 15:54:44	INFO	gaincal::::casa	
2015-05-12 15:54:44	INFO	gaincal::::casa+	##########################################
2015-05-12 15:54:44	INFO	gaincal::::casa+	##### Begin Task: gaincal            #####
2015-05-12 15:54:44	INFO	gaincal::::casa	gaincal(vis="3c391_ctm_mosaic_10s_spw0.ms",caltable="3c391_ctm_mosaic_10s_spw0.G0all",field="0, 1, 9",spw="0:27~36",
2015-05-12 15:54:44	INFO	gaincal::::casa+	        intent="",selectdata=True,timerange="",uvrange="",antenna="",
2015-05-12 15:54:44	INFO	gaincal::::casa+	        scan="",observation="",msselect="",solint="int",combine="",
2015-05-12 15:54:44	INFO	gaincal::::casa+	        preavg=-1.0,refant="ea21",minblperant=4,minsnr=5,solnorm=False,
2015-05-12 15:54:44	INFO	gaincal::::casa+	        gaintype="G",smodel=[],calmode="p",append=False,splinetime=3600.0,
2015-05-12 15:54:44	INFO	gaincal::::casa+	        npointaver=3,phasewrap=180.0,docallib=False,callib="",gaintable=['3c391_ctm_mosaic_10s_spw0.antpos'],
2015-05-12 15:54:44	INFO	gaincal::::casa+	        gainfield=[''],interp=[],spwmap=[],parang=False)
2015-05-12 15:54:44	INFO	gaincal::calibrater::open	Opening MS: 3c391_ctm_mosaic_10s_spw0.ms for calibration.
2015-05-12 15:54:44	INFO	gaincal::Calibrater::	Initializing nominal selection to the whole MS.
2015-05-12 15:54:44	INFO	gaincal::calibrater::setdata	Beginning selectvis--(MSSelection version)-------
2015-05-12 15:54:44	INFO	gaincal::calibrater::reset	Reseting solve/apply state
2015-05-12 15:54:44	INFO	gaincal::Calibrater::selectvis	Performing selection on MeasurementSet
2015-05-12 15:54:44	INFO	gaincal::Calibrater::selectvis+	 Selecting on spw: '0:27~36'
2015-05-12 15:54:44	INFO	gaincal::Calibrater::selectvis+	 Selecting on field: '0, 1, 9'
2015-05-12 15:54:44	INFO	gaincal::Calibrater::selectvis	By selection 845379 rows are reduced to 80465
2015-05-12 15:54:45	INFO	gaincal::Calibrater::selectvis	Frequency selection: 
2015-05-12 15:54:45	INFO	gaincal::Calibrater::selectvis	.  Spw 0:27~36 (10 channels, step by 1)
2015-05-12 15:54:45	INFO	gaincal::calibrater::setapply	Beginning setapply--(MSSelection version)-------
2015-05-12 15:54:45	INFO	gaincal::Calibrater::setapply(type, applypar)	Arranging to APPLY:
2015-05-12 15:54:45	INFO	gaincal::::	 (KAntPos Jones: Overriding with spwmap=[0] since KAntPos Jones is not spw-dependent)
2015-05-12 15:54:45	INFO	gaincal::::	 (KAntPos Jones: Enforcing calWt()=False for phase/delay-like terms)
2015-05-12 15:54:45	INFO	gaincal::Calibrater::setapply(type, applypar)	.   KAntPos Jones: table=3c391_ctm_mosaic_10s_spw0.antpos select= interp=linear spwmap=[0] calWt=false
2015-05-12 15:54:45	INFO	gaincal::calibrater::setsolve	Beginning setsolve--(MSSelection version)-------
2015-05-12 15:54:45	INFO	gaincal::Calibrater::setsolve	Arranging to SOLVE:
2015-05-12 15:54:45	INFO	gaincal::Calibrater::setsolve	.   G Jones: table=3c391_ctm_mosaic_10s_spw0.G0all append=false solint=int refant='ea21' minsnr=5 apmode=P solnorm=false
2015-05-12 15:54:45	INFO	gaincal::calibrater::solve	Beginning solve-----------------------------
2015-05-12 15:54:45	INFO	gaincal::Calibrater::solve	The following calibration terms are arranged for apply:
2015-05-12 15:54:45	INFO	gaincal::Calibrater::solve	.   KAntPos Jones: table=3c391_ctm_mosaic_10s_spw0.antpos select= interp=linear spwmap=[0] calWt=false
2015-05-12 15:54:45	INFO	gaincal::Calibrater::solve	The following calibration term is arranged for solve:
2015-05-12 15:54:45	INFO	gaincal::Calibrater::solve	.   G Jones: table=3c391_ctm_mosaic_10s_spw0.G0all append=false solint=int refant='ea21' minsnr=5 apmode=P solnorm=false
2015-05-12 15:54:45	INFO	gaincal::Calibrater::solve	Solving for G Jones
2015-05-12 15:54:45	INFO	gaincal::::	For solint = int, found 280 solution intervals.
2015-05-12 15:54:46	SEVERE	gaincal::MeasTable::dUTC(Double) (file /var/rpmbuild/BUILD/casapy421/casapy421-42.1.29047/casacore/measures/Measures/MeasTable.cc, line 6657)	Leap second table TAI_UTC seems out-of-date. 
2015-05-12 15:54:46	SEVERE	gaincal::MeasTable::dUTC(Double) (file /var/rpmbuild/BUILD/casapy421/casapy421-42.1.29047/casacore/measures/Measures/MeasTable.cc, line 6657)+	Until table is updated (see aips++ manager) times and coordinates
2015-05-12 15:54:46	SEVERE	gaincal::MeasTable::dUTC(Double) (file /var/rpmbuild/BUILD/casapy421/casapy421-42.1.29047/casacore/measures/Measures/MeasTable.cc, line 6657)+	derived from UTC could be wrong by 1s or more.
2015-05-12 15:55:33	INFO	gaincal::SimplePBConv::findConvFunction	Convolution support = 6 pixels in Fourier plane
2015-05-12 15:55:41	INFO	gaincal::Calibrater::solve	  Found good G Jones solutions in 0 slots.
2015-05-12 15:55:41	INFO	gaincal::Calibrater::solve	No output calibration table written.
2015-05-12 15:55:41	INFO	gaincal::calibrater::solve	Finished solving.
2015-05-12 15:55:41	INFO	gaincal::::casa	Calibration solve statistics per spw:  (expected/attempted/succeeded):
2015-05-12 15:55:41	INFO	gaincal::::casa	  Spw 0: 280/242/0
2015-05-12 15:55:41	INFO	gaincal::::casa	##### End Task: gaincal              #####
2015-05-12 15:55:41	INFO	gaincal::::casa+	##########################################
2015-05-12 17:08:34	INFO	plotcal::::casa	
2015-05-12 17:08:34	INFO	plotcal::::casa+	##########################################
2015-05-12 17:08:34	INFO	plotcal::::casa+	##### Begin Task: plotcal            #####
2015-05-12 17:08:34	INFO	plotcal::::casa	plotcal(caltable="3c391_ctm_mosaic_10s_spw0.G0",xaxis="time",yaxis="phase",poln="R",
2015-05-12 17:08:34	INFO	plotcal::::casa+	        field="J1331+3030",antenna="",spw="",timerange="08:02:00~08:17:00",subplot=111,
2015-05-12 17:08:34	INFO	plotcal::::casa+	        overplot=False,clearpanel="Auto",iteration="antenna",plotrange=[-1, -1, -180, 180],showflags=False,
2015-05-12 17:08:34	INFO	plotcal::::casa+	        plotsymbol="o",plotcolor="blue",markersize=5.0,fontsize=10.0,showgui=True,
2015-05-12 17:08:34	INFO	plotcal::::casa+	        figfile="")
2015-05-12 17:08:34	INFO	tableplot::setgui	Switching to GUI mode. All current plots  will be reset.
2015-05-12 17:08:34	INFO	plotcal::createCalTab 	Detected a NewCalTable!
2015-05-12 17:08:37	INFO		Now get the data
2015-05-12 17:08:37	INFO		Done Processing data ... 
2015-05-12 17:08:38	INFO	plotcal::::casa	##### End Task: plotcal              #####
2015-05-12 17:08:38	INFO	plotcal::::casa+	##########################################
2015-05-12 17:08:43	INFO		Now get the data
2015-05-12 17:08:43	INFO		Done Processing data ... 
2015-05-12 17:08:44	INFO		Now get the data
2015-05-12 17:08:44	INFO		Done Processing data ... 
2015-05-12 17:08:45	INFO		Now get the data
2015-05-12 17:08:45	INFO		Done Processing data ... 
2015-05-12 17:08:46	INFO		Now get the data
2015-05-12 17:08:46	INFO		Done Processing data ... 
2015-05-12 17:08:48	INFO		Now get the data
2015-05-12 17:08:48	INFO		Done Processing data ... 
2015-05-12 17:08:53	INFO		Now get the data
2015-05-12 17:08:53	INFO		Done Processing data ... 
2015-05-12 17:08:54	INFO		Now get the data
2015-05-12 17:08:54	INFO		Done Processing data ... 
2015-05-12 17:08:55	INFO		Now get the data
2015-05-12 17:08:55	INFO		Done Processing data ... 
2015-05-12 17:08:57	INFO		Now get the data
2015-05-12 17:08:57	INFO		Done Processing data ... 
2015-05-12 17:08:58	INFO		Now get the data
2015-05-12 17:08:58	INFO		Done Processing data ... 
2015-05-12 17:09:00	INFO		Now get the data
2015-05-12 17:09:00	INFO		Done Processing data ... 
2015-05-12 17:09:01	INFO		Now get the data
2015-05-12 17:09:01	INFO		Done Processing data ... 
2015-05-12 17:09:04	INFO		Now get the data
2015-05-12 17:09:04	INFO		Done Processing data ... 
2015-05-12 17:09:07	INFO		Now get the data
2015-05-12 17:09:07	INFO		Done Processing data ... 
2015-05-12 17:09:09	INFO		Now get the data
2015-05-12 17:09:09	INFO		Done Processing data ... 
2015-05-12 17:09:10	INFO		Now get the data
2015-05-12 17:09:10	INFO		Done Processing data ... 
2015-05-12 17:09:12	INFO		Now get the data
2015-05-12 17:09:12	INFO		Done Processing data ... 
2015-05-12 17:09:13	INFO		Now get the data
2015-05-12 17:09:13	INFO		Done Processing data ... 
2015-05-12 17:09:20	INFO		Now get the data
2015-05-12 17:09:20	INFO		Done Processing data ... 
2015-05-12 17:09:24	INFO		Now get the data
2015-05-12 17:09:24	INFO		Done Processing data ... 
2015-05-12 17:09:33	INFO	plotcal::::casa	
2015-05-12 17:09:33	INFO	plotcal::::casa+	##########################################
2015-05-12 17:09:33	INFO	plotcal::::casa+	##### Begin Task: plotcal            #####
2015-05-12 17:09:33	INFO	plotcal::::casa	plotcal(caltable="3c391_ctm_mosaic_10s_spw0.G0",xaxis="time",yaxis="phase",poln="R",
2015-05-12 17:09:33	INFO	plotcal::::casa+	        field="J1331+3030",antenna="",spw="",timerange="08:02:00~08:17:00",subplot=111,
2015-05-12 17:09:33	INFO	plotcal::::casa+	        overplot=False,clearpanel="Auto",iteration="antenna",plotrange=[-1, -1, -180, 180],showflags=False,
2015-05-12 17:09:33	INFO	plotcal::::casa+	        plotsymbol="o",plotcolor="blue",markersize=5.0,fontsize=10.0,showgui=True,
2015-05-12 17:09:33	INFO	plotcal::::casa+	        figfile="")
2015-05-12 17:09:33	INFO	tableplot::setgui	Switching to GUI mode. All current plots  will be reset.
2015-05-12 17:09:33	INFO	plotcal::createCalTab 	Detected a NewCalTable!
2015-05-12 17:09:37	INFO		Now get the data
2015-05-12 17:09:37	INFO		Done Processing data ... 
2015-05-12 17:09:38	INFO	plotcal::::casa	##### End Task: plotcal              #####
2015-05-12 17:09:38	INFO	plotcal::::casa+	##########################################
2015-05-12 17:09:39	INFO		Now get the data
2015-05-12 17:09:39	INFO		Done Processing data ... 
2015-05-12 17:09:40	INFO		Now get the data
2015-05-12 17:09:40	INFO		Done Processing data ... 
2015-05-12 17:09:40	INFO		Now get the data
2015-05-12 17:09:40	INFO		Done Processing data ... 
2015-05-12 17:09:41	INFO		Now get the data
2015-05-12 17:09:41	INFO		Done Processing data ... 
2015-05-12 17:09:42	INFO		Now get the data
2015-05-12 17:09:42	INFO		Done Processing data ... 
2015-05-12 17:09:43	INFO		Now get the data
2015-05-12 17:09:43	INFO		Done Processing data ... 
2015-05-12 17:09:44	INFO		Now get the data
2015-05-12 17:09:44	INFO		Done Processing data ... 
2015-05-12 17:09:45	INFO		Now get the data
2015-05-12 17:09:45	INFO		Done Processing data ... 
2015-05-12 17:09:46	INFO		Now get the data
2015-05-12 17:09:46	INFO		Done Processing data ... 
2015-05-12 17:09:47	INFO		Now get the data
2015-05-12 17:09:47	INFO		Done Processing data ... 
2015-05-12 17:09:48	INFO		Now get the data
2015-05-12 17:09:48	INFO		Done Processing data ... 
2015-05-12 17:09:48	INFO		Now get the data
2015-05-12 17:09:48	INFO		Done Processing data ... 
2015-05-12 17:09:50	INFO		Now get the data
2015-05-12 17:09:50	INFO		Done Processing data ... 
2015-05-12 17:09:51	INFO		Now get the data
2015-05-12 17:09:51	INFO		Done Processing data ... 
2015-05-12 17:09:52	INFO		Now get the data
2015-05-12 17:09:52	INFO		Done Processing data ... 
2015-05-12 17:09:53	INFO		Now get the data
2015-05-12 17:09:53	INFO		Done Processing data ... 
2015-05-12 17:09:55	INFO		Now get the data
2015-05-12 17:09:55	INFO		Done Processing data ... 
2015-05-12 17:09:56	INFO		Now get the data
2015-05-12 17:09:56	INFO		Done Processing data ... 
2015-05-12 17:09:57	INFO		Now get the data
2015-05-12 17:09:57	INFO		Done Processing data ... 
