#log# Automatic Logger file. *** THIS MUST BE THE FIRST LINE ***
#log# DO NOT CHANGE THIS LINE OR THE TWO BELOW -* coding: UTF-8 *-
#log# opts = Struct({'__allownew': True,
 'autocall': 2,
 'banner': 0,
 'colors': 'LightBG',
 'ipythondir': '/home/lods08/.casa/ipython',
 'logfile': 'ipython-20150511-214844.log',
 'messages': 0,
 'prompt_in1': 'CASA <\\#>: '})
#log# args = []
#log# It is safe to make manual edits below here.
#log#-----------------------------------------------------------------------
execfile("/opt/cep/Casa/casapy-42.1.29047-001-1-64b/lib64/python2.7/assignmentFilter.py")
_ip.magic("pwd ")
_ip.system("ls -F | grep log")
vis='3c391_ctm_mosaic_10s_spw0.ms'
listobs()
myscale = fluxscale(vis='3c391_ctm_mosaic_10s_spw0.ms', caltable='3c391_ctm_mosaic_10s_spw0.G1', fluxtable='3c391_ctm_mosaic_10s_spw0.fluxscale1', reference=['J1331+3030'], transfer=['J1822-0938, J0319+4130'], incremental=False)
plotcal(caltable='3c391_ctm_mosaic_10s_spw0.fluxscale1', xaxis='time', yaxis='amp', poln='R', figfile='part4-subG-question5_amp_pol-R.png')
plotcal(caltable='3c391_ctm_mosaic_10s_spw0.fluxscale1', xaxis='time', yaxis='amp', poln='L', figfile='part4-subG-question5_amp_pol-L.png')
applycal(vis='3c391_ctm_mosaic_10s_spw0.ms', field='J1331+3030', gaintable=['3c391_ctm_mosaic_10s_spw0.antpos', '3c391_ctm_mosaic_10s_spw0.fluxscale1', '3c391_ctm_mosaic_10s_spw0.K0', '3c391_ctm_mosaic_10s_spw0.B0'], gainfield=['', 'J1331+3030', '', '', '', '', ''], interp=['',
 'nearest', '', '', '', '', ''], calwt=[False], parang=True)
applycal(vis='3c391_ctm_mosaic_10s_spw0.ms', field='J0319+4130', gaintable=['3c391_ctm_mosaic_10s_spw0.antpos', '3c391_ctm_mosaic_10s_spw0.fluxscale1', '3c391_ctm_mosaic_10s_spw0.K0', '3c391_ctm_mosaic_10s_spw0.B0'], gainfield=['', 'J0319+4130', '', '', '', '', ''], interp=['', 'nearest', '', '', '', '', ''], calwt=[False], parang=True)
applycal(vis='3c391_ctm_mosaic_10s_spw0.ms', field='J1822-0938', gaintable=['3c391_ctm_mosaic_10s_spw0.antpos', '3c391_ctm_mosaic_10s_spw0.fluxscale1', '3c391_ctm_mosaic_10s_spw0.K0', '3c391_ctm_mosaic_10s_spw0.B0'], gainfield=['', 'J1822-0938', '', '', '', '', ''], interp=['', 'nearest', '', '', '', '', ''], calwt=[False], parang=True)
applycal(vis='3c391_ctm_mosaic_10s_spw0.ms', field='2~8', gaintable=['3c391_ctm_mosaic_10s_spw0.antpos', '3c391_ctm_mosaic_10s_spw0.fluxscale1', '3c391_ctm_mosaic_10s_spw0.K0', '3c391_ctm_mosaic_10s_spw0.B0'], gainfield=['', 'J1822-0938', '', '', '', '', ''], interp=['', 'linear', '', '', '', '', ''], calwt=[False], parang=True)
plotms(vis='3c391_ctm_mosaic_10s_spw0.ms', field='0', correlation='', timerange='08:02:00~08:17:00', antenna='', avgtime='60s', xaxis='chan
nel', yaxis='amp', ydatacolumn='corrected', plotfile='part4-subH-question3_fld0-corrected-amp.png')
plotms(vis='3c391_ctm_mosaic_10s_spw0.ms', field='0', correlation='', timerange='08:02:00~08:17:00', antenna='', avgtime='60s', xaxis='channel', yaxis='amp', ydatacolumn='corrected', plotfile='part4-subH-question3_fld0-corrected-amp.png')
plotms(vis='3c391_ctm_mosaic_10s_spw0.ms', field='0', correlation='', timerange='08:02:00~08:17:00', antenna='', avgtime='60s', xaxis='chan
nel', yaxis='phase', ydatacolumn='corrected', plotfile='part4-subH-question3_fld0-corrected-phase.png')
plotms(vis='3c391_ctm_mosaic_10s_spw0.ms', field='0', correlation='', timerange='08:02:00~08:17:00', antenna='', avgtime='60s', xaxis='channel', yaxis='phase', ydatacolumn='corrected', plotfile='part4-subH-question3_fld0-corrected-phase.png')
plotms(vis='3c391_ctm_mosaic_10s_spw0.ms', field='1', correlation='RR, LL', timerange='08:02:00~08:17:00', antenna='', avgtime='60s', xaxis
='channel', yaxis='amp', ydatacolumn='corrected', plotfile='part4-subH-question3_fld1-corrected-amp.png')
plotms(vis='3c391_ctm_mosaic_10s_spw0.ms', field='1', correlation='RR, LL', timerange='08:02:00~08:17:00', antenna='', avgtime='60s', xaxis
='channel', yaxis='amp', ydatacolumn='corrected', plotfile='part4-subH-question3_fld1-corrected-amp.png')
plotms(vis='3c391_ctm_mosaic_10s_spw0.ms', field='1', correlation='RR, LL', timerange='08:02:00~08:17:00', antenna='', avgtime='60s', xaxis='channel', yaxis='amp', ydatacolumn='corrected', plotfile='part4-subH-question3_fld1-corrected-amp.png')
plotms(vis='3c391_ctm_mosaic_10s_spw0.ms', field='1', correlation='RR, LL', timerange='08:02:00~08:17:00', antenna='', avgtime='60s', xaxis='channel', yaxis='phase', ydatacolumn='corrected', plotfile='part4-subH-question3_fld1-corrected-phase.png')
plotms(vis='3c391_ctm_mosaic_10s_spw0.ms', field='1', correlation='RR,LL', timerange='08:02:00~08:17:00', antenna='', avgtime='60s', xaxis='channel', yaxis='phase', ydatacolumn='corrected', plotfile='part4-subH-question3_fld1-corrected-phase.png')
plotms(vis='3c391_ctm_mosaic_10s_spw0.ms', field='1', correlation='RR,LL', timerange='', antenna='', avgtime='60s', xaxis='phase', xdatacolumn='corrected', yaxis='amp', ydatacolumn='corrected', plotrange=[-180,180,0,3], coloraxis='corr', plotfile='part4-subH-question4_fld1-corr
ected-ampvsphase.png')
plotms(vis='3c391_ctm_mosaic_10s_spw0.ms', field='1', correlation='RR,LL', timerange='', antenna='', avgtime='60s', xaxis='phase', xdatacolumn='corrected', yaxis='amp', ydatacolumn='corrected', plotrange=[-180, 180, 0, 3], coloraxis='corr', plotfile='part4-subH-question4_fld1-corrected-ampvsphase.png')
split(vis='3c391_ctm_mosaic_10s_spw0.ms', outputvis='3c391_ctm_mosaic_spw0_output.ms', datacolumn='corrected', field='2~8')
clean(vis='3c391_ctm_mosaic_spw0.ms', imagename='part5-question2_initial', field='', spw='', mode='mfs', niter=5000, gain=0.1, threshold='1.0mJy', psfmode='clark', imagermode='mosaic', ftmachine='mosaic', multiscale=[0], interactive=True, imsize=[480, 480], cell=['2.5arcsec', '2.5arcsec'], stokes='I', weighting='briggs', robust=0.5, usescratch=False)
clean(vis='3c391_ctm_mosaic_10s_spw0.ms', imagename='part5-question2_initial', field='', spw='', mode='mfs', niter=5000, gain=0.1, threshold='1.0mJy', psfmode='clark', imagermode='mosaic', ftmachine='mosaic', multiscale=[0], interactive=True, imsize=[480, 480], cell=['2.5arcsec', '2.5arcsec'], stokes='I', weighting='briggs', robust=0.5, usescratch=False)
